Mplus VERSION 8.11
MUTHEN & MUTHEN
01/21/2025   4:41 PM

INPUT INSTRUCTIONS

  TITLE:
  Complex, Ideal, 5-Class
  DATA:
  FILE = "C:/Users/dnajiarch/Box/Dissertation/detect_dif/models/
  complex_ideal_c5.dat";
  VARIABLE:
  NAMES = u1 u2 u3 u4 u5 u6 u7 u8 u9 u10 c;
   MISSING=.;
   categorical = u1-u10;
       usevar = u1-u10;
       classes = c(5);
  ANALYSIS:
  estimator = mlr;
      type = mixture;
      starts = 500 100;
  OUTPUT:
  sampstat;



*** WARNING in OUTPUT command
  SAMPSTAT option is not available when all outcomes are censored, ordered
  categorical, unordered categorical (nominal), count or continuous-time
  survival variables.  Request for SAMPSTAT is ignored.
   1 WARNING(S) FOUND IN THE INPUT INSTRUCTIONS




Complex, Ideal, 5-Class

SUMMARY OF ANALYSIS

Number of groups                                                 1
Number of observations                                         500

Number of dependent variables                                   10
Number of independent variables                                  0
Number of continuous latent variables                            0
Number of categorical latent variables                           1

Observed dependent variables

  Binary and ordered categorical (ordinal)
   U1          U2          U3          U4          U5          U6
   U7          U8          U9          U10

Categorical latent variables
   C


Estimator                                                      MLR
Information matrix                                        OBSERVED
Optimization Specifications for the Quasi-Newton Algorithm for
Continuous Outcomes
  Maximum number of iterations                                 100
  Convergence criterion                                  0.100D-05
Optimization Specifications for the EM Algorithm
  Maximum number of iterations                                 500
  Convergence criteria
    Loglikelihood change                                 0.100D-06
    Relative loglikelihood change                        0.100D-06
    Derivative                                           0.100D-05
Optimization Specifications for the M step of the EM Algorithm for
Categorical Latent variables
  Number of M step iterations                                    1
  M step convergence criterion                           0.100D-05
  Basis for M step termination                           ITERATION
Optimization Specifications for the M step of the EM Algorithm for
Censored, Binary or Ordered Categorical (Ordinal), Unordered
Categorical (Nominal) and Count Outcomes
  Number of M step iterations                                    1
  M step convergence criterion                           0.100D-05
  Basis for M step termination                           ITERATION
  Maximum value for logit thresholds                            15
  Minimum value for logit thresholds                           -15
  Minimum expected cell size for chi-square              0.100D-01
Maximum number of iterations for H1                           2000
Convergence criterion for H1                             0.100D-03
Optimization algorithm                                         EMA
Random Starts Specifications
  Number of initial stage random starts                        500
  Number of final stage optimizations                          100
  Number of initial stage iterations                            10
  Initial stage convergence criterion                    0.100D+01
  Random starts scale                                    0.500D+01
  Random seed for generating random starts                       0
Link                                                         LOGIT

Input data file(s)
  C:/Users/dnajiarch/Box/Dissertation/detect_dif/models/complex_ideal_c5.dat
Input data format  FREE


SUMMARY OF DATA

     Number of missing data patterns             1
     Number of y missing data patterns           0
     Number of u missing data patterns           1


COVARIANCE COVERAGE OF DATA

Minimum covariance coverage value   0.100


UNIVARIATE PROPORTIONS AND COUNTS FOR CATEGORICAL VARIABLES

    U1
      Category 1    0.562          281.000
      Category 2    0.438          219.000
    U2
      Category 1    0.568          284.000
      Category 2    0.432          216.000
    U3
      Category 1    0.574          287.000
      Category 2    0.426          213.000
    U4
      Category 1    0.398          199.000
      Category 2    0.602          301.000
    U5
      Category 1    0.416          208.000
      Category 2    0.584          292.000
    U6
      Category 1    0.430          215.000
      Category 2    0.570          285.000
    U7
      Category 1    0.576          288.000
      Category 2    0.424          212.000
    U8
      Category 1    0.610          305.000
      Category 2    0.390          195.000
    U9
      Category 1    0.600          300.000
      Category 2    0.400          200.000
    U10
      Category 1    0.586          293.000
      Category 2    0.414          207.000


RANDOM STARTS RESULTS RANKED FROM THE BEST TO THE WORST LOGLIKELIHOOD VALUES

Final stage loglikelihood values at local maxima, seeds, and initial stage start numbers:

           -2522.567  404426           344
           -2522.567  131856           90
           -2522.567  181293           212
           -2522.567  153053           378
           -2522.567  85462            51
           -2522.567  860102           495
           -2522.567  283492           435
           -2522.567  576726           280
           -2522.567  836515           341
           -2522.567  872743           374
           -2522.567  526324           178
           -2522.567  268217           83
           -2522.567  437181           135
           -2522.567  399671           13
           -2522.567  227563           63
           -2522.567  484687           306
           -2522.567  945065           255
           -2522.567  915107           54
           -2522.567  468036           131
           -2522.567  137305           379
           -2522.567  518828           432
           -2522.567  350608           334
           -2522.567  605161           409
           -2522.567  414828           322
           -2522.567  580405           286
           -2522.567  476498           179
           -2522.567  292884           103
           -2522.567  928287           197
           -2522.567  636396           168
           -2522.567  985387           381
           -2522.567  562716           300
           -2522.567  804561           59
           -2522.567  622860           259
           -2522.567  392418           28
           -2522.567  802682           419
           -2522.567  505879           424
           -2522.567  85734            411
           -2522.567  631413           439
           -2522.567  73576            213
           -2522.567  667250           318
           -2522.567  570908           98
           -2522.567  937225           394
           -2522.567  804660           260
           -2522.567  751054           117
           -2522.567  846194           93
           -2522.567  761633           50
           -2522.567  900268           327
           -2522.567  471438           252
           -2522.567  514326           325
           -2522.567  136842           58
           -2522.567  950604           172
           -2522.567  170954           86
           -2522.567  178475           231
           -2522.567  926283           269
           -2522.567  112586           494
           -2522.567  781190           219
           -2522.567  609089           241
           -2522.567  891531           206
           -2522.567  399508           415
           -2522.567  791285           416
           -2522.567  153394           429
           -2522.567  692169           308
           -2522.567  749453           33
           -2522.567  625191           350
           -2522.567  496710           386
           -2522.567  717754           180
           -2522.567  462228           298
           -2522.567  830570           369
           -2522.567  608496           4
           -2522.567  603842           61
           -2522.567  unperturbed      0
           -2522.567  533738           11
           -2522.567  614009           317
           -2522.567  996231           310
           -2522.567  960438           116
           -2522.567  848331           137
           -2522.567  43523            297
           -2522.567  369602           146
           -2522.567  393232           152
           -2522.567  587946           120
           -2522.567  358488           264
           -2522.567  17359            227
           -2522.567  407168           44
           -2522.567  216565           474
           -2522.567  567165           319
           -2522.567  508482           446
           -2522.567  317640           437
           -2522.567  316165           299
           -2522.567  673496           218
           -2522.567  794236           127
           -2522.567  399380           436
           -2522.567  973369           202
           -2522.567  565819           65
           -2522.567  193847           354
           -2522.567  22362            365
           -2522.567  722748           346
           -2522.567  512836           289
           -2522.567  780698           337
           -2522.567  68850            462
           -2522.567  246261           38



THE BEST LOGLIKELIHOOD VALUE HAS BEEN REPLICATED.  RERUN WITH AT LEAST TWICE THE
RANDOM STARTS TO CHECK THAT THE BEST LOGLIKELIHOOD IS STILL OBTAINED AND REPLICATED.


THE MODEL ESTIMATION TERMINATED NORMALLY



MODEL FIT INFORMATION

Number of Free Parameters                       54

Loglikelihood

          H0 Value                       -2522.567
          H0 Scaling Correction Factor      1.0136
            for MLR

Information Criteria

          Akaike (AIC)                    5153.135
          Bayesian (BIC)                  5380.724
          Sample-Size Adjusted BIC        5209.324
            (n* = (n + 2) / 24)

Chi-Square Test of Model Fit for the Binary and Ordered Categorical
(Ordinal) Outcomes

          Pearson Chi-Square

          Value                            758.124
          Degrees of Freedom                   969
          P-Value                           1.0000

          Likelihood Ratio Chi-Square

          Value                            424.878
          Degrees of Freedom                   969
          P-Value                           1.0000



FINAL CLASS COUNTS AND PROPORTIONS FOR THE LATENT CLASSES
BASED ON THE ESTIMATED MODEL

    Latent
   Classes

       1        101.75370          0.20351
       2        100.75819          0.20152
       3         90.40663          0.18081
       4        112.07453          0.22415
       5         95.00696          0.19001


FINAL CLASS COUNTS AND PROPORTIONS FOR THE LATENT CLASSES
BASED ON ESTIMATED POSTERIOR PROBABILITIES

    Latent
   Classes

       1        101.75370          0.20351
       2        100.75819          0.20152
       3         90.40663          0.18081
       4        112.07453          0.22415
       5         95.00696          0.19001


FINAL CLASS COUNTS AND PROPORTIONS FOR THE LATENT CLASSES
BASED ON THEIR MOST LIKELY LATENT CLASS MEMBERSHIP

Class Counts and Proportions

    Latent
   Classes

       1               98          0.19600
       2              100          0.20000
       3               94          0.18800
       4              112          0.22400
       5               96          0.19200


CLASSIFICATION QUALITY

     Entropy                         0.907


Average Latent Class Probabilities for Most Likely Latent Class Membership (Row)
by Latent Class (Column)

           1        2        3        4        5

    1   0.939    0.002    0.018    0.035    0.007
    2   0.000    0.980    0.000    0.009    0.011
    3   0.048    0.000    0.922    0.023    0.007
    4   0.037    0.011    0.009    0.943    0.000
    5   0.012    0.014    0.010    0.000    0.964


Classification Probabilities for the Most Likely Latent Class Membership (Column)
by Latent Class (Row)

           1        2        3        4        5

    1   0.904    0.000    0.044    0.041    0.011
    2   0.002    0.973    0.000    0.012    0.013
    3   0.020    0.000    0.959    0.011    0.011
    4   0.030    0.008    0.019    0.942    0.000
    5   0.007    0.011    0.007    0.000    0.974


Logits for the Classification Probabilities for the Most Likely Latent Class Membership (Column)
by Latent Class (Row)

              1        2        3        4        5

    1      4.405   -4.337    1.383    1.310    0.000
    2     -1.960    4.294   -7.006   -0.120    0.000
    3      0.632   -6.703    4.510    0.049    0.000
    4      6.703    5.354    6.263   10.143    0.000
    5     -4.956   -4.468   -4.912   -8.011    0.000


MODEL RESULTS

                                                    Two-Tailed
                    Estimate       S.E.  Est./S.E.    P-Value

Latent Class 1

 Thresholds
    U1$1               2.619      0.652      4.018      0.000
    U2$1               1.541      0.302      5.111      0.000
    U3$1               3.180      0.672      4.730      0.000
    U4$1              -1.744      0.369     -4.731      0.000
    U5$1              -2.252      0.422     -5.341      0.000
    U6$1              -1.506      0.369     -4.083      0.000
    U7$1               1.947      0.343      5.680      0.000
    U8$1               2.028      0.333      6.099      0.000
    U9$1               2.360      0.402      5.878      0.000
    U10$1              2.172      0.361      6.014      0.000

Latent Class 2

 Thresholds
    U1$1              -2.522      0.415     -6.074      0.000
    U2$1              -1.920      0.332     -5.779      0.000
    U3$1              -1.868      0.312     -5.980      0.000
    U4$1              -2.457      0.389     -6.320      0.000
    U5$1              -1.861      0.315     -5.916      0.000
    U6$1              -2.298      0.375     -6.122      0.000
    U7$1              -2.040      0.337     -6.053      0.000
    U8$1              -1.880      0.310     -6.065      0.000
    U9$1              -2.052      0.339     -6.059      0.000
    U10$1             -2.358      0.379     -6.215      0.000

Latent Class 3

 Thresholds
    U1$1               2.197      0.380      5.785      0.000
    U2$1               2.207      0.380      5.802      0.000
    U3$1               1.195      0.270      4.420      0.000
    U4$1               2.547      0.609      4.180      0.000
    U5$1               2.301      0.533      4.317      0.000
    U6$1               1.948      0.377      5.170      0.000
    U7$1               2.347      0.425      5.524      0.000
    U8$1               2.047      0.365      5.605      0.000
    U9$1               1.961      0.345      5.677      0.000
    U10$1              2.258      0.411      5.498      0.000

Latent Class 4

 Thresholds
    U1$1              -1.559      0.299     -5.213      0.000
    U2$1              -1.393      0.291     -4.783      0.000
    U3$1              -1.494      0.336     -4.439      0.000
    U4$1              -2.214      0.347     -6.390      0.000
    U5$1              -1.745      0.293     -5.964      0.000
    U6$1               2.012      0.349      5.765      0.000
    U7$1               1.825      0.292      6.254      0.000
    U8$1               2.451      0.395      6.206      0.000
    U9$1               2.349      0.367      6.394      0.000
    U10$1              2.270      0.364      6.232      0.000

Latent Class 5

 Thresholds
    U1$1               1.510      0.283      5.336      0.000
    U2$1               1.991      0.327      6.091      0.000
    U3$1               2.242      0.393      5.697      0.000
    U4$1               1.757      0.326      5.394      0.000
    U5$1               2.246      0.410      5.477      0.000
    U6$1              -2.215      0.367     -6.039      0.000
    U7$1              -2.342      0.381     -6.147      0.000
    U8$1              -1.420      0.283     -5.018      0.000
    U9$1              -1.757      0.318     -5.529      0.000
    U10$1             -2.194      0.376     -5.837      0.000

Categorical Latent Variables

 Means
    C#1                0.069      0.162      0.424      0.671
    C#2                0.059      0.151      0.388      0.698
    C#3               -0.050      0.162     -0.306      0.760
    C#4                0.165      0.153      1.083      0.279


QUALITY OF NUMERICAL RESULTS

     Condition Number for the Information Matrix              0.203E-01
       (ratio of smallest to largest eigenvalue)


RESULTS IN PROBABILITY SCALE

                                                    Two-Tailed
                    Estimate       S.E.  Est./S.E.    P-Value

Latent Class 1

 U1
    Category 1         0.932      0.041     22.585      0.000
    Category 2         0.068      0.041      1.646      0.100
 U2
    Category 1         0.824      0.044     18.801      0.000
    Category 2         0.176      0.044      4.027      0.000
 U3
    Category 1         0.960      0.026     37.259      0.000
    Category 2         0.040      0.026      1.549      0.121
 U4
    Category 1         0.149      0.047      3.187      0.001
    Category 2         0.851      0.047     18.232      0.000
 U5
    Category 1         0.095      0.036      2.621      0.009
    Category 2         0.905      0.036     24.920      0.000
 U6
    Category 1         0.181      0.055      3.311      0.001
    Category 2         0.819      0.055     14.934      0.000
 U7
    Category 1         0.875      0.037     23.359      0.000
    Category 2         0.125      0.037      3.334      0.001
 U8
    Category 1         0.884      0.034     25.864      0.000
    Category 2         0.116      0.034      3.402      0.001
 U9
    Category 1         0.914      0.032     28.871      0.000
    Category 2         0.086      0.032      2.726      0.006
 U10
    Category 1         0.898      0.033     27.062      0.000
    Category 2         0.102      0.033      3.085      0.002

Latent Class 2

 U1
    Category 1         0.074      0.029      2.602      0.009
    Category 2         0.926      0.029     32.403      0.000
 U2
    Category 1         0.128      0.037      3.450      0.001
    Category 2         0.872      0.037     23.541      0.000
 U3
    Category 1         0.134      0.036      3.697      0.000
    Category 2         0.866      0.036     23.928      0.000
 U4
    Category 1         0.079      0.028      2.792      0.005
    Category 2         0.921      0.028     32.594      0.000
 U5
    Category 1         0.135      0.037      3.674      0.000
    Category 2         0.865      0.037     23.615      0.000
 U6
    Category 1         0.091      0.031      2.932      0.003
    Category 2         0.909      0.031     29.183      0.000
 U7
    Category 1         0.115      0.034      3.354      0.001
    Category 2         0.885      0.034     25.782      0.000
 U8
    Category 1         0.132      0.036      3.717      0.000
    Category 2         0.868      0.036     24.372      0.000
 U9
    Category 1         0.114      0.034      3.332      0.001
    Category 2         0.886      0.034     25.935      0.000
 U10
    Category 1         0.086      0.030      2.885      0.004
    Category 2         0.914      0.030     30.498      0.000

Latent Class 3

 U1
    Category 1         0.900      0.034     26.321      0.000
    Category 2         0.100      0.034      2.926      0.003
 U2
    Category 1         0.901      0.034     26.516      0.000
    Category 2         0.099      0.034      2.919      0.004
 U3
    Category 1         0.768      0.048     15.917      0.000
    Category 2         0.232      0.048      4.820      0.000
 U4
    Category 1         0.927      0.041     22.602      0.000
    Category 2         0.073      0.041      1.769      0.077
 U5
    Category 1         0.909      0.044     20.607      0.000
    Category 2         0.091      0.044      2.064      0.039
 U6
    Category 1         0.875      0.041     21.270      0.000
    Category 2         0.125      0.041      3.033      0.002
 U7
    Category 1         0.913      0.034     26.953      0.000
    Category 2         0.087      0.034      2.579      0.010
 U8
    Category 1         0.886      0.037     23.942      0.000
    Category 2         0.114      0.037      3.092      0.002
 U9
    Category 1         0.877      0.037     23.470      0.000
    Category 2         0.123      0.037      3.302      0.001
 U10
    Category 1         0.905      0.035     25.717      0.000
    Category 2         0.095      0.035      2.690      0.007

Latent Class 4

 U1
    Category 1         0.174      0.043      4.048      0.000
    Category 2         0.826      0.043     19.238      0.000
 U2
    Category 1         0.199      0.046      4.284      0.000
    Category 2         0.801      0.046     17.260      0.000
 U3
    Category 1         0.183      0.050      3.640      0.000
    Category 2         0.817      0.050     16.207      0.000
 U4
    Category 1         0.098      0.031      3.201      0.001
    Category 2         0.902      0.031     29.301      0.000
 U5
    Category 1         0.149      0.037      4.013      0.000
    Category 2         0.851      0.037     22.990      0.000
 U6
    Category 1         0.882      0.036     24.297      0.000
    Category 2         0.118      0.036      3.247      0.001
 U7
    Category 1         0.861      0.035     24.683      0.000
    Category 2         0.139      0.035      3.980      0.000
 U8
    Category 1         0.921      0.029     31.898      0.000
    Category 2         0.079      0.029      2.751      0.006
 U9
    Category 1         0.913      0.029     31.239      0.000
    Category 2         0.087      0.029      2.982      0.003
 U10
    Category 1         0.906      0.031     29.313      0.000
    Category 2         0.094      0.031      3.030      0.002

Latent Class 5

 U1
    Category 1         0.819      0.042     19.533      0.000
    Category 2         0.181      0.042      4.313      0.000
 U2
    Category 1         0.880      0.035     25.460      0.000
    Category 2         0.120      0.035      3.478      0.001
 U3
    Category 1         0.904      0.034     26.451      0.000
    Category 2         0.096      0.034      2.812      0.005
 U4
    Category 1         0.853      0.041     20.863      0.000
    Category 2         0.147      0.041      3.599      0.000
 U5
    Category 1         0.904      0.035     25.487      0.000
    Category 2         0.096      0.035      2.696      0.007
 U6
    Category 1         0.098      0.033      3.024      0.002
    Category 2         0.902      0.033     27.703      0.000
 U7
    Category 1         0.088      0.030      2.878      0.004
    Category 2         0.912      0.030     29.922      0.000
 U8
    Category 1         0.195      0.044      4.389      0.000
    Category 2         0.805      0.044     18.154      0.000
 U9
    Category 1         0.147      0.040      3.691      0.000
    Category 2         0.853      0.040     21.381      0.000
 U10
    Category 1         0.100      0.034      2.957      0.003
    Category 2         0.900      0.034     26.525      0.000


LATENT CLASS INDICATOR ODDS RATIOS FOR THE LATENT CLASSES

                                                95% C.I.
                    Estimate       S.E.  Lower 2.5% Upper 2.5%

Latent Class 1 Compared to Latent Class 2

 U1
    Category > 1       0.006      0.005      0.001      0.027
 U2
    Category > 1       0.031      0.014      0.013      0.076
 U3
    Category > 1       0.006      0.005      0.002      0.027
 U4
    Category > 1       0.490      0.262      0.172      1.400
 U5
    Category > 1       1.479      0.778      0.528      4.147
 U6
    Category > 1       0.453      0.238      0.162      1.271
 U7
    Category > 1       0.019      0.009      0.007      0.048
 U8
    Category > 1       0.020      0.009      0.008      0.049
 U9
    Category > 1       0.012      0.006      0.004      0.034
 U10
    Category > 1       0.011      0.006      0.004      0.030

Latent Class 1 Compared to Latent Class 3

 U1
    Category > 1       0.656      0.504      0.145      2.955
 U2
    Category > 1       1.946      0.965      0.736      5.141
 U3
    Category > 1       0.137      0.101      0.033      0.576
 U4
    Category > 1      73.078     52.876     17.696    301.780
 U5
    Category > 1      94.904     66.245     24.161    372.778
 U6
    Category > 1      31.629     16.994     11.034     90.665
 U7
    Category > 1       1.491      0.832      0.500      4.448
 U8
    Category > 1       1.019      0.519      0.375      2.764
 U9
    Category > 1       0.671      0.370      0.228      1.979
 U10
    Category > 1       1.090      0.615      0.361      3.292

Latent Class 1 Compared to Latent Class 4

 U1
    Category > 1       0.015      0.011      0.004      0.062
 U2
    Category > 1       0.053      0.022      0.024      0.119
 U3
    Category > 1       0.009      0.007      0.002      0.040
 U4
    Category > 1       0.625      0.318      0.230      1.695
 U5
    Category > 1       1.659      0.849      0.609      4.523
 U6
    Category > 1      33.745     16.770     12.740     89.378
 U7
    Category > 1       0.885      0.410      0.357      2.194
 U8
    Category > 1       1.525      0.812      0.538      4.328
 U9
    Category > 1       0.989      0.555      0.330      2.969
 U10
    Category > 1       1.103      0.579      0.394      3.085

Latent Class 1 Compared to Latent Class 5

 U1
    Category > 1       0.330      0.235      0.082      1.335
 U2
    Category > 1       1.568      0.703      0.652      3.774
 U3
    Category > 1       0.391      0.305      0.085      1.807
 U4
    Category > 1      33.163     16.443     12.549     87.642
 U5
    Category > 1      89.865     53.410     28.034    288.069
 U6
    Category > 1       0.492      0.256      0.178      1.362
 U7
    Category > 1       0.014      0.007      0.005      0.038
 U8
    Category > 1       0.032      0.014      0.013      0.075
 U9
    Category > 1       0.016      0.008      0.006      0.044
 U10
    Category > 1       0.013      0.007      0.005      0.035

Latent Class 2 Compared to Latent Class 3

 U1
    Category > 1     112.035     62.999     37.213    337.295
 U2
    Category > 1      61.982     31.285     23.047    166.691
 U3
    Category > 1      21.374      8.815      9.524     47.969
 U4
    Category > 1     149.132    107.724     36.200    614.381
 U5
    Category > 1      64.161     39.717     19.070    215.867
 U6
    Category > 1      69.812     37.129     24.616    197.989
 U7
    Category > 1      80.331     43.541     27.766    232.412
 U8
    Category > 1      50.769     24.315     19.858    129.800
 U9
    Category > 1      55.330     26.748     21.452    142.714
 U10
    Category > 1     101.070     56.433     33.833    301.927

Latent Class 2 Compared to Latent Class 4

 U1
    Category > 1       2.621      1.345      0.959      7.164
 U2
    Category > 1       1.694      0.754      0.707      4.055
 U3
    Category > 1       1.454      0.668      0.590      3.579
 U4
    Category > 1       1.275      0.673      0.454      3.586
 U5
    Category > 1       1.122      0.487      0.479      2.625
 U6
    Category > 1      74.482     38.251     27.221    203.798
 U7
    Category > 1      47.680     21.432     19.757    115.070
 U8
    Category > 1      76.035     38.159     28.432    203.333
 U9
    Category > 1      81.556     40.786     30.603    217.345
 U10
    Category > 1     102.297     54.298     36.145    289.518

Latent Class 2 Compared to Latent Class 5

 U1
    Category > 1      56.407     28.556     20.912    152.148
 U2
    Category > 1      49.952     23.661     19.740    126.401
 U3
    Category > 1      60.891     30.643     22.708    163.274
 U4
    Category > 1      67.677     34.432     24.966    183.451
 U5
    Category > 1      60.754     31.725     21.832    169.072
 U6
    Category > 1       1.087      0.576      0.385      3.071
 U7
    Category > 1       0.739      0.378      0.271      2.015
 U8
    Category > 1       1.585      0.671      0.691      3.635
 U9
    Category > 1       1.344      0.630      0.536      3.368
 U10
    Category > 1       1.179      0.637      0.408      3.402

Latent Class 3 Compared to Latent Class 4

 U1
    Category > 1       0.023      0.011      0.009      0.061
 U2
    Category > 1       0.027      0.013      0.011      0.071
 U3
    Category > 1       0.068      0.029      0.029      0.159
 U4
    Category > 1       0.009      0.006      0.002      0.034
 U5
    Category > 1       0.017      0.011      0.005      0.058
 U6
    Category > 1       1.067      0.555      0.385      2.960
 U7
    Category > 1       0.594      0.309      0.214      1.649
 U8
    Category > 1       1.498      0.817      0.514      4.360
 U9
    Category > 1       1.474      0.750      0.544      3.996
 U10
    Category > 1       1.012      0.567      0.338      3.034

Latent Class 3 Compared to Latent Class 5

 U1
    Category > 1       0.503      0.240      0.198      1.281
 U2
    Category > 1       0.806      0.406      0.300      2.164
 U3
    Category > 1       2.849      1.387      1.097      7.398
 U4
    Category > 1       0.454      0.315      0.116      1.771
 U5
    Category > 1       0.947      0.626      0.259      3.457
 U6
    Category > 1       0.016      0.008      0.006      0.044
 U7
    Category > 1       0.009      0.005      0.003      0.028
 U8
    Category > 1       0.031      0.014      0.013      0.077
 U9
    Category > 1       0.024      0.012      0.010      0.062
 U10
    Category > 1       0.012      0.007      0.004      0.035

Latent Class 4 Compared to Latent Class 5

 U1
    Category > 1      21.522      8.881      9.586     48.321
 U2
    Category > 1      29.493     12.909     12.507     69.548
 U3
    Category > 1      41.892     21.701     15.177    115.633
 U4
    Category > 1      53.066     25.230     20.898    134.751
 U5
    Category > 1      54.153     27.348     20.125    145.715
 U6
    Category > 1       0.015      0.007      0.005      0.039
 U7
    Category > 1       0.016      0.007      0.006      0.040
 U8
    Category > 1       0.021      0.010      0.008      0.054
 U9
    Category > 1       0.016      0.008      0.006      0.043
 U10
    Category > 1       0.012      0.006      0.004      0.032


     Beginning Time:  16:41:25
        Ending Time:  16:41:27
       Elapsed Time:  00:00:02



MUTHEN & MUTHEN
3463 Stoner Ave.
Los Angeles, CA  90066

Tel: (310) 391-9971
Fax: (310) 391-8971
Web: www.StatModel.com
Support: Support@StatModel.com

Copyright (c) 1998-2024 Muthen & Muthen
