Mplus VERSION 8.11
MUTHEN & MUTHEN
01/21/2025   4:46 PM

INPUT INSTRUCTIONS

  TITLE:
  Complex, Real, 5-Class
  DATA:
  FILE = "C:/Users/dnajiarch/Box/Dissertation/detect_dif/models/
  complex_real_c5.dat";
  VARIABLE:
  NAMES = u1 u2 u3 u4 u5 u6 u7 u8 u9 u10 c;
   MISSING=.;
   categorical = u1-u10;
       usevar = u1-u10;
       classes = c(5);
  ANALYSIS:
  estimator = mlr;
      type = mixture;
      starts = 500 100;
  OUTPUT:
  sampstat;



*** WARNING in OUTPUT command
  SAMPSTAT option is not available when all outcomes are censored, ordered
  categorical, unordered categorical (nominal), count or continuous-time
  survival variables.  Request for SAMPSTAT is ignored.
   1 WARNING(S) FOUND IN THE INPUT INSTRUCTIONS




Complex, Real, 5-Class

SUMMARY OF ANALYSIS

Number of groups                                                 1
Number of observations                                         500

Number of dependent variables                                   10
Number of independent variables                                  0
Number of continuous latent variables                            0
Number of categorical latent variables                           1

Observed dependent variables

  Binary and ordered categorical (ordinal)
   U1          U2          U3          U4          U5          U6
   U7          U8          U9          U10

Categorical latent variables
   C


Estimator                                                      MLR
Information matrix                                        OBSERVED
Optimization Specifications for the Quasi-Newton Algorithm for
Continuous Outcomes
  Maximum number of iterations                                 100
  Convergence criterion                                  0.100D-05
Optimization Specifications for the EM Algorithm
  Maximum number of iterations                                 500
  Convergence criteria
    Loglikelihood change                                 0.100D-06
    Relative loglikelihood change                        0.100D-06
    Derivative                                           0.100D-05
Optimization Specifications for the M step of the EM Algorithm for
Categorical Latent variables
  Number of M step iterations                                    1
  M step convergence criterion                           0.100D-05
  Basis for M step termination                           ITERATION
Optimization Specifications for the M step of the EM Algorithm for
Censored, Binary or Ordered Categorical (Ordinal), Unordered
Categorical (Nominal) and Count Outcomes
  Number of M step iterations                                    1
  M step convergence criterion                           0.100D-05
  Basis for M step termination                           ITERATION
  Maximum value for logit thresholds                            15
  Minimum value for logit thresholds                           -15
  Minimum expected cell size for chi-square              0.100D-01
Maximum number of iterations for H1                           2000
Convergence criterion for H1                             0.100D-03
Optimization algorithm                                         EMA
Random Starts Specifications
  Number of initial stage random starts                        500
  Number of final stage optimizations                          100
  Number of initial stage iterations                            10
  Initial stage convergence criterion                    0.100D+01
  Random starts scale                                    0.500D+01
  Random seed for generating random starts                       0
Link                                                         LOGIT

Input data file(s)
  C:/Users/dnajiarch/Box/Dissertation/detect_dif/models/complex_real_c5.dat
Input data format  FREE


SUMMARY OF DATA

     Number of missing data patterns             1
     Number of y missing data patterns           0
     Number of u missing data patterns           1


COVARIANCE COVERAGE OF DATA

Minimum covariance coverage value   0.100


UNIVARIATE PROPORTIONS AND COUNTS FOR CATEGORICAL VARIABLES

    U1
      Category 1    0.532          266.000
      Category 2    0.468          234.000
    U2
      Category 1    0.456          228.000
      Category 2    0.544          272.000
    U3
      Category 1    0.542          271.000
      Category 2    0.458          229.000
    U4
      Category 1    0.588          294.000
      Category 2    0.412          206.000
    U5
      Category 1    0.428          214.000
      Category 2    0.572          286.000
    U6
      Category 1    0.456          228.000
      Category 2    0.544          272.000
    U7
      Category 1    0.416          208.000
      Category 2    0.584          292.000
    U8
      Category 1    0.754          377.000
      Category 2    0.246          123.000
    U9
      Category 1    0.622          311.000
      Category 2    0.378          189.000
    U10
      Category 1    0.600          300.000
      Category 2    0.400          200.000


RANDOM STARTS RESULTS RANKED FROM THE BEST TO THE WORST LOGLIKELIHOOD VALUES

Final stage loglikelihood values at local maxima, seeds, and initial stage start numbers:

           -2754.539  562716           300
           -2754.539  926797           406
           -2754.539  931874           141
           -2754.539  471438           252
           -2754.539  232559           136
           -2754.539  21132            351
           -2754.539  458181           189
           -2754.539  425982           485
           -2754.539  97158            205
           -2754.539  364676           27
           -2754.539  804561           59
           -2754.539  283492           435
           -2754.539  692169           308
           -2754.539  415502           194
           -2754.539  791285           416
           -2754.539  342019           301
           -2754.539  188498           258
           -2754.539  871722           355
           -2754.539  860772           174
           -2754.539  153394           429
           -2754.539  17359            227
           -2754.539  802256           477
           -2754.539  399508           415
           -2754.539  50887            389
           -2754.539  36714            201
           -2754.539  622860           259
           -2754.539  85734            411
           -2754.539  972430           491
           -2754.539  626891           32
           -2754.539  unperturbed      0
           -2754.539  985387           381
           -2754.539  82357            339
           -2754.539  275475           413
           -2754.539  496881           192
           -2754.539  669634           335
           -2754.539  608849           224
           -2754.539  68850            462
           -2754.539  913639           162
           -2754.539  631413           439
           -2754.539  85462            51
           -2754.539  173191           422
           -2754.539  372176           23
           -2754.539  761633           50
           -2754.539  278692           342
           -2754.539  404510           442
           -2754.539  781190           219
           -2754.539  329127           185
           -2754.539  170954           86
           -2754.539  699554           427
           -2754.539  862607           468
           -2754.539  181293           212
           -2754.539  354624           448
           -2754.539  136842           58
           -2754.539  960438           116
           -2754.539  533738           11
           -2754.539  782200           84
           -2754.539  814975           129
           -2754.539  418686           338
           -2754.539  535804           111
           -2754.539  188640           451
           -2754.539  696773           80

39 perturbed starting value run(s) did not converge or were rejected in the third stage.



THE BEST LOGLIKELIHOOD VALUE HAS BEEN REPLICATED.  RERUN WITH AT LEAST TWICE THE
RANDOM STARTS TO CHECK THAT THE BEST LOGLIKELIHOOD IS STILL OBTAINED AND REPLICATED.

     IN THE OPTIMIZATION, ONE OR MORE LOGIT THRESHOLDS APPROACHED EXTREME VALUES
     OF -15.000 AND 15.000 AND WERE FIXED TO STABILIZE MODEL ESTIMATION.  THESE
     VALUES IMPLY PROBABILITIES OF 0 AND 1.  IN THE MODEL RESULTS SECTION, THESE
     PARAMETERS HAVE 0 STANDARD ERRORS AND 999 IN THE Z-SCORE AND P-VALUE COLUMNS.




THE MODEL ESTIMATION TERMINATED NORMALLY



MODEL FIT INFORMATION

Number of Free Parameters                       54

Loglikelihood

          H0 Value                       -2754.539
          H0 Scaling Correction Factor      1.0298
            for MLR

Information Criteria

          Akaike (AIC)                    5617.078
          Bayesian (BIC)                  5844.667
          Sample-Size Adjusted BIC        5673.267
            (n* = (n + 2) / 24)

Chi-Square Test of Model Fit for the Binary and Ordered Categorical
(Ordinal) Outcomes

          Pearson Chi-Square

          Value                            865.678
          Degrees of Freedom                   969
          P-Value                           0.9923

          Likelihood Ratio Chi-Square

          Value                            574.419
          Degrees of Freedom                   969
          P-Value                           1.0000



FINAL CLASS COUNTS AND PROPORTIONS FOR THE LATENT CLASSES
BASED ON THE ESTIMATED MODEL

    Latent
   Classes

       1        100.34807          0.20070
       2        110.61273          0.22123
       3         95.91298          0.19183
       4         92.87467          0.18575
       5        100.25154          0.20050


FINAL CLASS COUNTS AND PROPORTIONS FOR THE LATENT CLASSES
BASED ON ESTIMATED POSTERIOR PROBABILITIES

    Latent
   Classes

       1        100.34807          0.20070
       2        110.61273          0.22123
       3         95.91298          0.19183
       4         92.87467          0.18575
       5        100.25154          0.20050


FINAL CLASS COUNTS AND PROPORTIONS FOR THE LATENT CLASSES
BASED ON THEIR MOST LIKELY LATENT CLASS MEMBERSHIP

Class Counts and Proportions

    Latent
   Classes

       1              101          0.20200
       2              104          0.20800
       3               97          0.19400
       4               95          0.19000
       5              103          0.20600


CLASSIFICATION QUALITY

     Entropy                         0.838


Average Latent Class Probabilities for Most Likely Latent Class Membership (Row)
by Latent Class (Column)

           1        2        3        4        5

    1   0.954    0.014    0.000    0.018    0.015
    2   0.006    0.871    0.042    0.055    0.026
    3   0.000    0.048    0.931    0.014    0.006
    4   0.017    0.078    0.012    0.855    0.038
    5   0.017    0.063    0.001    0.026    0.892


Classification Probabilities for the Most Likely Latent Class Membership (Column)
by Latent Class (Row)

           1        2        3        4        5

    1   0.960    0.006    0.000    0.016    0.018
    2   0.013    0.819    0.042    0.067    0.059
    3   0.000    0.045    0.942    0.011    0.001
    4   0.019    0.062    0.015    0.875    0.029
    5   0.015    0.027    0.006    0.036    0.916


Logits for the Classification Probabilities for the Most Likely Latent Class Membership (Column)
by Latent Class (Row)

              1        2        3        4        5

    1      3.986   -1.057   -9.788   -0.105    0.000
    2     -1.544    2.635   -0.328    0.134    0.000
    3     -7.196    3.522    6.560    2.154    0.000
    4     -0.423    0.751   -0.686    3.399    0.000
    5     -4.110   -3.532   -5.032   -3.242    0.000


MODEL RESULTS

                                                    Two-Tailed
                    Estimate       S.E.  Est./S.E.    P-Value

Latent Class 1

 Thresholds
    U1$1              -2.058      0.346     -5.952      0.000
    U2$1              -3.211      0.611     -5.259      0.000
    U3$1              -2.848      0.646     -4.408      0.000
    U4$1              -2.900      0.552     -5.254      0.000
    U5$1              -2.861      0.503     -5.691      0.000
    U6$1              -3.707      0.725     -5.110      0.000
    U7$1              -3.210      0.568     -5.654      0.000
    U8$1              -0.396      0.215     -1.842      0.066
    U9$1              -1.587      0.303     -5.244      0.000
    U10$1             -1.474      0.289     -5.106      0.000

Latent Class 2

 Thresholds
    U1$1              -0.306      0.236     -1.293      0.196
    U2$1              -1.033      0.302     -3.418      0.001
    U3$1              -0.037      0.269     -0.137      0.891
    U4$1               1.462      0.331      4.412      0.000
    U5$1               1.625      0.510      3.186      0.001
    U6$1               1.090      0.403      2.706      0.007
    U7$1               0.279      0.254      1.099      0.272
    U8$1               1.900      0.351      5.422      0.000
    U9$1               0.457      0.290      1.579      0.114
    U10$1              0.319      0.242      1.315      0.189

Latent Class 3

 Thresholds
    U1$1               3.228      0.852      3.791      0.000
    U2$1               3.939      1.723      2.287      0.022
    U3$1               3.984      1.184      3.364      0.001
    U4$1              15.000      0.000    999.000    999.000
    U5$1               2.664      0.477      5.582      0.000
    U6$1               3.130      0.596      5.250      0.000
    U7$1               1.566      0.299      5.236      0.000
    U8$1               2.747      0.527      5.214      0.000
    U9$1               4.148      1.232      3.369      0.001
    U10$1              1.496      0.297      5.035      0.000

Latent Class 4

 Thresholds
    U1$1               1.234      0.414      2.980      0.003
    U2$1               0.185      0.250      0.741      0.459
    U3$1               3.796      1.365      2.780      0.005
    U4$1              -0.342      0.280     -1.224      0.221
    U5$1              -1.926      0.574     -3.353      0.001
    U6$1               0.194      0.248      0.782      0.434
    U7$1              -2.606      0.738     -3.532      0.000
    U8$1               0.487      0.274      1.780      0.075
    U9$1              -0.245      0.251     -0.975      0.330
    U10$1             -0.265      0.249     -1.066      0.287

Latent Class 5

 Thresholds
    U1$1              -0.265      0.225     -1.175      0.240
    U2$1               0.006      0.225      0.025      0.980
    U3$1              -1.038      0.288     -3.599      0.000
    U4$1               0.590      0.232      2.536      0.011
    U5$1              -1.763      0.388     -4.545      0.000
    U6$1             -15.000      0.000    999.000    999.000
    U7$1               0.212      0.227      0.937      0.349
    U8$1               2.513      0.442      5.691      0.000
    U9$1               2.288      0.521      4.396      0.000
    U10$1              4.083      1.899      2.151      0.032

Categorical Latent Variables

 Means
    C#1                0.001      0.171      0.006      0.995
    C#2                0.098      0.224      0.438      0.661
    C#3               -0.044      0.178     -0.249      0.804
    C#4               -0.076      0.214     -0.356      0.722


QUALITY OF NUMERICAL RESULTS

     Condition Number for the Information Matrix              0.330E-02
       (ratio of smallest to largest eigenvalue)


RESULTS IN PROBABILITY SCALE

                                                    Two-Tailed
                    Estimate       S.E.  Est./S.E.    P-Value

Latent Class 1

 U1
    Category 1         0.113      0.035      3.262      0.001
    Category 2         0.887      0.035     25.533      0.000
 U2
    Category 1         0.039      0.023      1.704      0.088
    Category 2         0.961      0.023     42.273      0.000
 U3
    Category 1         0.055      0.033      1.637      0.102
    Category 2         0.945      0.033     28.253      0.000
 U4
    Category 1         0.052      0.027      1.911      0.056
    Category 2         0.948      0.027     34.729      0.000
 U5
    Category 1         0.054      0.026      2.103      0.035
    Category 2         0.946      0.026     36.755      0.000
 U6
    Category 1         0.024      0.017      1.412      0.158
    Category 2         0.976      0.017     57.534      0.000
 U7
    Category 1         0.039      0.021      1.832      0.067
    Category 2         0.961      0.021     45.417      0.000
 U8
    Category 1         0.402      0.052      7.783      0.000
    Category 2         0.598      0.052     11.564      0.000
 U9
    Category 1         0.170      0.043      3.980      0.000
    Category 2         0.830      0.043     19.459      0.000
 U10
    Category 1         0.186      0.044      4.258      0.000
    Category 2         0.814      0.044     18.589      0.000

Latent Class 2

 U1
    Category 1         0.424      0.058      7.342      0.000
    Category 2         0.576      0.058      9.970      0.000
 U2
    Category 1         0.262      0.059      4.486      0.000
    Category 2         0.738      0.059     12.605      0.000
 U3
    Category 1         0.491      0.067      7.305      0.000
    Category 2         0.509      0.067      7.578      0.000
 U4
    Category 1         0.812      0.051     16.039      0.000
    Category 2         0.188      0.051      3.719      0.000
 U5
    Category 1         0.835      0.070     11.917      0.000
    Category 2         0.165      0.070      2.347      0.019
 U6
    Category 1         0.748      0.076      9.869      0.000
    Category 2         0.252      0.076      3.319      0.001
 U7
    Category 1         0.569      0.062      9.154      0.000
    Category 2         0.431      0.062      6.928      0.000
 U8
    Category 1         0.870      0.040     21.934      0.000
    Category 2         0.130      0.040      3.280      0.001
 U9
    Category 1         0.612      0.069      8.909      0.000
    Category 2         0.388      0.069      5.641      0.000
 U10
    Category 1         0.579      0.059      9.806      0.000
    Category 2         0.421      0.059      7.131      0.000

Latent Class 3

 U1
    Category 1         0.962      0.031     30.807      0.000
    Category 2         0.038      0.031      1.221      0.222
 U2
    Category 1         0.981      0.032     30.413      0.000
    Category 2         0.019      0.032      0.592      0.554
 U3
    Category 1         0.982      0.021     46.217      0.000
    Category 2         0.018      0.021      0.860      0.390
 U4
    Category 1         1.000      0.000      0.000      1.000
    Category 2         0.000      0.000      0.000      1.000
 U5
    Category 1         0.935      0.029     32.170      0.000
    Category 2         0.065      0.029      2.241      0.025
 U6
    Category 1         0.958      0.024     40.049      0.000
    Category 2         0.042      0.024      1.750      0.080
 U7
    Category 1         0.827      0.043     19.351      0.000
    Category 2         0.173      0.043      4.044      0.000
 U8
    Category 1         0.940      0.030     31.506      0.000
    Category 2         0.060      0.030      2.020      0.043
 U9
    Category 1         0.984      0.019     52.237      0.000
    Category 2         0.016      0.019      0.825      0.409
 U10
    Category 1         0.817      0.044     18.387      0.000
    Category 2         0.183      0.044      4.121      0.000

Latent Class 4

 U1
    Category 1         0.775      0.072     10.709      0.000
    Category 2         0.225      0.072      3.117      0.002
 U2
    Category 1         0.546      0.062      8.807      0.000
    Category 2         0.454      0.062      7.317      0.000
 U3
    Category 1         0.978      0.029     33.334      0.000
    Category 2         0.022      0.029      0.749      0.454
 U4
    Category 1         0.415      0.068      6.118      0.000
    Category 2         0.585      0.068      8.614      0.000
 U5
    Category 1         0.127      0.064      1.994      0.046
    Category 2         0.873      0.064     13.689      0.000
 U6
    Category 1         0.548      0.061      8.937      0.000
    Category 2         0.452      0.061      7.362      0.000
 U7
    Category 1         0.069      0.047      1.456      0.145
    Category 2         0.931      0.047     19.709      0.000
 U8
    Category 1         0.619      0.065      9.598      0.000
    Category 2         0.381      0.065      5.897      0.000
 U9
    Category 1         0.439      0.062      7.106      0.000
    Category 2         0.561      0.062      9.075      0.000
 U10
    Category 1         0.434      0.061      7.102      0.000
    Category 2         0.566      0.061      9.258      0.000

Latent Class 5

 U1
    Category 1         0.434      0.055      7.843      0.000
    Category 2         0.566      0.055     10.222      0.000
 U2
    Category 1         0.501      0.056      8.929      0.000
    Category 2         0.499      0.056      8.879      0.000
 U3
    Category 1         0.262      0.056      4.695      0.000
    Category 2         0.738      0.056     13.258      0.000
 U4
    Category 1         0.643      0.053     12.058      0.000
    Category 2         0.357      0.053      6.686      0.000
 U5
    Category 1         0.146      0.048      3.020      0.003
    Category 2         0.854      0.048     17.606      0.000
 U6
    Category 1         0.000      0.000      0.000      1.000
    Category 2         1.000      0.000      0.000      1.000
 U7
    Category 1         0.553      0.056      9.872      0.000
    Category 2         0.447      0.056      7.984      0.000
 U8
    Category 1         0.925      0.031     30.222      0.000
    Category 2         0.075      0.031      2.448      0.014
 U9
    Category 1         0.908      0.044     20.861      0.000
    Category 2         0.092      0.044      2.116      0.034
 U10
    Category 1         0.983      0.031     31.786      0.000
    Category 2         0.017      0.031      0.536      0.592


LATENT CLASS INDICATOR ODDS RATIOS FOR THE LATENT CLASSES

                                                95% C.I.
                    Estimate       S.E.  Lower 2.5% Upper 2.5%

Latent Class 1 Compared to Latent Class 2

 U1
    Category > 1       5.764      2.417      2.534     13.111
 U2
    Category > 1       8.830      6.040      2.311     33.742
 U3
    Category > 1      16.635     11.415      4.334     63.849
 U4
    Category > 1      78.360     50.057     22.405    274.065
 U5
    Category > 1      88.763     60.291     23.445    336.056
 U6
    Category > 1     121.131     99.680     24.142    607.760
 U7
    Category > 1      32.751     20.371      9.678    110.835
 U8
    Category > 1       9.937      4.100      4.426     22.309
 U9
    Category > 1       7.722      3.238      3.394     17.566
 U10
    Category > 1       6.003      2.250      2.880     12.515

Latent Class 1 Compared to Latent Class 3

 U1
    Category > 1     197.519    181.439     32.636   1195.441
 U2
    Category > 1    1275.085   2339.056     34.998  46455.715
 U3
    Category > 1     927.322   1265.266     63.945  13447.979
 U4
    Category > 1   *********      0.000  *********  *********
 U5
    Category > 1     250.867    175.052     63.896    984.948
 U6
    Category > 1     932.069    877.171    147.355   5895.620
 U7
    Category > 1     118.622     76.072     33.750    416.918
 U8
    Category > 1      23.178     13.136      7.632     70.387
 U9
    Category > 1     309.610    392.154     25.862   3706.570
 U10
    Category > 1      19.479      8.077      8.641     43.907

Latent Class 1 Compared to Latent Class 4

 U1
    Category > 1      26.888     14.710      9.202     78.569
 U2
    Category > 1      29.866     19.934      8.073    110.493
 U3
    Category > 1     767.989   1184.457     37.371  15782.446
 U4
    Category > 1      12.903      7.915      3.878     42.936
 U5
    Category > 1       2.546      1.880      0.599     10.821
 U6
    Category > 1      49.451     37.996     10.968    222.952
 U7
    Category > 1       1.831      1.689      0.300     11.169
 U8
    Category > 1       2.418      0.851      1.213      4.820
 U9
    Category > 1       3.828      1.534      1.745      8.397
 U10
    Category > 1       3.349      1.289      1.575      7.121

Latent Class 1 Compared to Latent Class 5

 U1
    Category > 1       6.006      2.513      2.645     13.637
 U2
    Category > 1      24.951     16.291      6.939     89.718
 U3
    Category > 1       6.112      4.280      1.549     24.112
 U4
    Category > 1      32.763     19.823     10.009    107.250
 U5
    Category > 1       2.998      1.886      0.874     10.286
 U6
    Category > 1       0.000      0.000      0.000      0.000
 U7
    Category > 1      30.647     18.878      9.164    102.498
 U8
    Category > 1      18.345      9.127      6.919     48.642
 U9
    Category > 1      48.199     29.082     14.772    157.268
 U10
    Category > 1     259.112    496.571      6.056  11086.361

Latent Class 2 Compared to Latent Class 3

 U1
    Category > 1      34.267     30.968      5.829    201.443
 U2
    Category > 1     144.399    253.660      4.616   4517.191
 U3
    Category > 1      55.745     69.512      4.839    642.162
 U4
    Category > 1   *********      0.000  *********  *********
 U5
    Category > 1       2.826      2.031      0.691     11.557
 U6
    Category > 1       7.695      5.708      1.798     32.930
 U7
    Category > 1       3.622      1.446      1.656      7.923
 U8
    Category > 1       2.333      1.580      0.619      8.795
 U9
    Category > 1      40.095     51.984      3.158    509.004
 U10
    Category > 1       3.245      1.299      1.481      7.110

Latent Class 2 Compared to Latent Class 4

 U1
    Category > 1       4.665      2.416      1.690     12.876
 U2
    Category > 1       3.382      1.403      1.500      7.626
 U3
    Category > 1      46.167     64.494      2.987    713.603
 U4
    Category > 1       0.165      0.071      0.070      0.385
 U5
    Category > 1       0.029      0.019      0.008      0.103
 U6
    Category > 1       0.408      0.201      0.155      1.073
 U7
    Category > 1       0.056      0.041      0.013      0.239
 U8
    Category > 1       0.243      0.112      0.098      0.602
 U9
    Category > 1       0.496      0.213      0.213      1.151
 U10
    Category > 1       0.558      0.202      0.275      1.133

Latent Class 2 Compared to Latent Class 5

 U1
    Category > 1       1.042      0.356      0.534      2.035
 U2
    Category > 1       2.826      1.114      1.305      6.117
 U3
    Category > 1       0.367      0.147      0.168      0.805
 U4
    Category > 1       0.418      0.174      0.185      0.946
 U5
    Category > 1       0.034      0.021      0.010      0.116
 U6
    Category > 1       0.000      0.000      0.000      0.000
 U7
    Category > 1       0.936      0.324      0.475      1.845
 U8
    Category > 1       1.846      1.073      0.591      5.766
 U9
    Category > 1       6.242      3.961      1.799     21.655
 U10
    Category > 1      43.162     84.202      0.943   1975.620

Latent Class 3 Compared to Latent Class 4

 U1
    Category > 1       0.136      0.128      0.021      0.866
 U2
    Category > 1       0.023      0.041      0.001      0.731
 U3
    Category > 1       0.828      1.522      0.023     30.351
 U4
    Category > 1       0.000      0.000      0.000      0.000
 U5
    Category > 1       0.010      0.008      0.002      0.044
 U6
    Category > 1       0.053      0.034      0.015      0.188
 U7
    Category > 1       0.015      0.012      0.003      0.073
 U8
    Category > 1       0.104      0.062      0.033      0.332
 U9
    Category > 1       0.012      0.016      0.001      0.145
 U10
    Category > 1       0.172      0.067      0.080      0.369

Latent Class 3 Compared to Latent Class 5

 U1
    Category > 1       0.030      0.027      0.005      0.171
 U2
    Category > 1       0.020      0.034      0.001      0.597
 U3
    Category > 1       0.007      0.008      0.001      0.071
 U4
    Category > 1       0.000      0.000      0.000      0.000
 U5
    Category > 1       0.012      0.007      0.004      0.040
 U6
    Category > 1       0.000      0.000      0.000      0.000
 U7
    Category > 1       0.258      0.097      0.124      0.538
 U8
    Category > 1       0.791      0.542      0.207      3.029
 U9
    Category > 1       0.156      0.207      0.012      2.101
 U10
    Category > 1      13.302     25.504      0.310    570.043

Latent Class 4 Compared to Latent Class 5

 U1
    Category > 1       0.223      0.109      0.086      0.579
 U2
    Category > 1       0.835      0.284      0.429      1.628
 U3
    Category > 1       0.008      0.011      0.001      0.124
 U4
    Category > 1       2.539      0.923      1.245      5.177
 U5
    Category > 1       1.177      0.814      0.304      4.564
 U6
    Category > 1       0.000      0.000      0.000      0.000
 U7
    Category > 1      16.740     12.825      3.730     75.142
 U8
    Category > 1       7.586      3.993      2.703     21.284
 U9
    Category > 1      12.590      7.217      4.094     38.724
 U10
    Category > 1      77.374    148.878      1.781   3360.834


     Beginning Time:  16:46:29
        Ending Time:  16:46:33
       Elapsed Time:  00:00:04



MUTHEN & MUTHEN
3463 Stoner Ave.
Los Angeles, CA  90066

Tel: (310) 391-9971
Fax: (310) 391-8971
Web: www.StatModel.com
Support: Support@StatModel.com

Copyright (c) 1998-2024 Muthen & Muthen
