Mplus VERSION 8.11
MUTHEN & MUTHEN
01/21/2025   4:56 PM

INPUT INSTRUCTIONS

  TITLE:
  Simple, Ideal, 4-Class
  DATA:
  FILE = "C:/Users/dnajiarch/Box/Dissertation/detect_dif/models/
  simple_ideal_c4.dat";
  VARIABLE:
  NAMES = u1 u2 u3 u4 u5 u6 c;
   MISSING=.;
   categorical = u1-u6;
  usevar = u1-u6;
  classes = c(4);
  ANALYSIS:
  estimator = mlr;
      type = mixture;
      starts = 500 100;
  OUTPUT:
  sampstat;



*** WARNING in OUTPUT command
  SAMPSTAT option is not available when all outcomes are censored, ordered
  categorical, unordered categorical (nominal), count or continuous-time
  survival variables.  Request for SAMPSTAT is ignored.
   1 WARNING(S) FOUND IN THE INPUT INSTRUCTIONS




Simple, Ideal, 4-Class

SUMMARY OF ANALYSIS

Number of groups                                                 1
Number of observations                                         500

Number of dependent variables                                    6
Number of independent variables                                  0
Number of continuous latent variables                            0
Number of categorical latent variables                           1

Observed dependent variables

  Binary and ordered categorical (ordinal)
   U1          U2          U3          U4          U5          U6

Categorical latent variables
   C


Estimator                                                      MLR
Information matrix                                        OBSERVED
Optimization Specifications for the Quasi-Newton Algorithm for
Continuous Outcomes
  Maximum number of iterations                                 100
  Convergence criterion                                  0.100D-05
Optimization Specifications for the EM Algorithm
  Maximum number of iterations                                 500
  Convergence criteria
    Loglikelihood change                                 0.100D-06
    Relative loglikelihood change                        0.100D-06
    Derivative                                           0.100D-05
Optimization Specifications for the M step of the EM Algorithm for
Categorical Latent variables
  Number of M step iterations                                    1
  M step convergence criterion                           0.100D-05
  Basis for M step termination                           ITERATION
Optimization Specifications for the M step of the EM Algorithm for
Censored, Binary or Ordered Categorical (Ordinal), Unordered
Categorical (Nominal) and Count Outcomes
  Number of M step iterations                                    1
  M step convergence criterion                           0.100D-05
  Basis for M step termination                           ITERATION
  Maximum value for logit thresholds                            15
  Minimum value for logit thresholds                           -15
  Minimum expected cell size for chi-square              0.100D-01
Maximum number of iterations for H1                           2000
Convergence criterion for H1                             0.100D-03
Optimization algorithm                                         EMA
Random Starts Specifications
  Number of initial stage random starts                        500
  Number of final stage optimizations                          100
  Number of initial stage iterations                            10
  Initial stage convergence criterion                    0.100D+01
  Random starts scale                                    0.500D+01
  Random seed for generating random starts                       0
Link                                                         LOGIT

Input data file(s)
  C:/Users/dnajiarch/Box/Dissertation/detect_dif/models/simple_ideal_c4.dat
Input data format  FREE


SUMMARY OF DATA

     Number of missing data patterns             1
     Number of y missing data patterns           0
     Number of u missing data patterns           1


COVARIANCE COVERAGE OF DATA

Minimum covariance coverage value   0.100


UNIVARIATE PROPORTIONS AND COUNTS FOR CATEGORICAL VARIABLES

    U1
      Category 1    0.504          252.000
      Category 2    0.496          248.000
    U2
      Category 1    0.532          266.000
      Category 2    0.468          234.000
    U3
      Category 1    0.514          257.000
      Category 2    0.486          243.000
    U4
      Category 1    0.516          258.000
      Category 2    0.484          242.000
    U5
      Category 1    0.510          255.000
      Category 2    0.490          245.000
    U6
      Category 1    0.522          261.000
      Category 2    0.478          239.000


RANDOM STARTS RESULTS RANKED FROM THE BEST TO THE WORST LOGLIKELIHOOD VALUES

Final stage loglikelihood values at local maxima, seeds, and initial stage start numbers:

           -1623.999  399380           436
           -1623.999  830570           369
           -1623.999  629320           222
           -1623.999  926283           269
           -1623.999  112586           494
           -1623.999  123985           248
           -1623.999  313407           132
           -1623.999  749635           420
           -1623.999  440841           118
           -1623.999  496710           386
           -1623.999  840078           203
           -1623.999  625191           350
           -1623.999  188498           258
           -1623.999  425982           485
           -1623.999  783110           72
           -1623.999  438144           271
           -1623.999  836515           341
           -1623.999  436460           89
           -1623.999  829540           324
           -1623.999  303634           169
           -1623.999  120506           45
           -1623.999  89970            223
           -1623.999  654136           167
           -1623.999  46437            153
           -1623.999  318230           46
           -1623.999  937588           293
           -1623.999  359578           458
           -1623.999  576220           115
           -1623.999  732596           320
           -1623.999  232226           235
           -1623.999  534483           290
           -1623.999  344422           296
           -1623.999  622860           259
           -1623.999  278692           342
           -1623.999  802682           419
           -1623.999  404510           442
           -1623.999  36714            201
           -1623.999  496881           192
           -1623.999  366706           29
           -1623.999  405079           68
           -1623.999  315029           471
           -1623.999  605565           404
           -1623.999  224950           455
           -1623.999  471040           403
           -1623.999  746978           410
           -1623.999  534864           307
           -1623.999  609089           241
           -1623.999  345070           114
           -1623.999  354208           196
           -1623.999  544048           87
           -1623.999  260601           36
           -1623.999  945065           255
           -1623.999  156536           245
           -1623.999  217744           326
           -1623.999  570908           98
           -1623.999  526324           178
           -1623.999  476498           179
           -1623.999  922042           492
           -1623.999  930323           267
           -1623.999  282464           283
           -1623.999  853195           431
           -1623.999  7959             256
           -1623.999  399508           415
           -1623.999  85734            411
           -1623.999  483369           270
           -1623.999  605161           409
           -1623.999  371246           101
           -1623.999  965639           463
           -1623.999  150531           154
           -1623.999  232559           136
           -1623.999  107446           12
           -1623.999  997222           229
           -1623.999  485256           371
           -1623.999  780698           337
           -1623.999  247224           94
           -1623.999  992389           77
           -1623.999  573096           20
           -1623.999  195873           6
           -1623.999  972430           491
           -1623.999  220454           288
           -1623.999  23012            352
           -1623.999  319144           176
           -1623.999  320494           465
           -1623.999  937885           426
           -1623.999  408713           450
           -1623.999  699554           427
           -1623.999  669634           335
           -1623.999  971853           402
           -1623.999  383986           159
           -1623.999  972873           157
           -1623.999  76974            16
           -1623.999  76337            76
           -1623.999  741484           441
           -1623.999  100874           108
           -1623.999  22362            365
           -1623.999  392766           331
           -1623.999  950604           172
           -1623.999  618000           190
           -1623.999  850840           232
           -1623.999  645664           39



THE BEST LOGLIKELIHOOD VALUE HAS BEEN REPLICATED.  RERUN WITH AT LEAST TWICE THE
RANDOM STARTS TO CHECK THAT THE BEST LOGLIKELIHOOD IS STILL OBTAINED AND REPLICATED.


THE MODEL ESTIMATION TERMINATED NORMALLY



MODEL FIT INFORMATION

Number of Free Parameters                       27

Loglikelihood

          H0 Value                       -1623.999
          H0 Scaling Correction Factor      1.0052
            for MLR

Information Criteria

          Akaike (AIC)                    3301.997
          Bayesian (BIC)                  3415.792
          Sample-Size Adjusted BIC        3330.092
            (n* = (n + 2) / 24)

Chi-Square Test of Model Fit for the Binary and Ordered Categorical
(Ordinal) Outcomes

          Pearson Chi-Square

          Value                             25.980
          Degrees of Freedom                    36
          P-Value                           0.8910

          Likelihood Ratio Chi-Square

          Value                             32.662
          Degrees of Freedom                    36
          P-Value                           0.6281



FINAL CLASS COUNTS AND PROPORTIONS FOR THE LATENT CLASSES
BASED ON THE ESTIMATED MODEL

    Latent
   Classes

       1        112.91628          0.22583
       2        106.63468          0.21327
       3        132.66715          0.26533
       4        147.78189          0.29556


FINAL CLASS COUNTS AND PROPORTIONS FOR THE LATENT CLASSES
BASED ON ESTIMATED POSTERIOR PROBABILITIES

    Latent
   Classes

       1        112.91628          0.22583
       2        106.63468          0.21327
       3        132.66715          0.26533
       4        147.78189          0.29556


FINAL CLASS COUNTS AND PROPORTIONS FOR THE LATENT CLASSES
BASED ON THEIR MOST LIKELY LATENT CLASS MEMBERSHIP

Class Counts and Proportions

    Latent
   Classes

       1              119          0.23800
       2              117          0.23400
       3              125          0.25000
       4              139          0.27800


CLASSIFICATION QUALITY

     Entropy                         0.845


Average Latent Class Probabilities for Most Likely Latent Class Membership (Row)
by Latent Class (Column)

           1        2        3        4

    1   0.909    0.000    0.050    0.040
    2   0.000    0.870    0.041    0.088
    3   0.009    0.015    0.973    0.003
    4   0.026    0.021    0.002    0.952


Classification Probabilities for the Most Likely Latent Class Membership (Column)
by Latent Class (Row)

           1        2        3        4

    1   0.958    0.000    0.010    0.032
    2   0.001    0.955    0.018    0.027
    3   0.045    0.036    0.917    0.002
    4   0.033    0.070    0.002    0.895


Logits for the Classification Probabilities for the Most Likely Latent Class Membership (Column)
by Latent Class (Row)

              1        2        3        4

    1      3.413   -4.918   -1.169    0.000
    2     -3.924    3.565   -0.425    0.000
    3      3.076    2.872    6.099    0.000
    4     -3.315   -2.549   -5.914    0.000


MODEL RESULTS

                                                    Two-Tailed
                    Estimate       S.E.  Est./S.E.    P-Value

Latent Class 1

 Thresholds
    U1$1               3.072      0.675      4.551      0.000
    U2$1               2.849      0.550      5.179      0.000
    U3$1               2.420      0.463      5.224      0.000
    U4$1              -2.082      0.399     -5.218      0.000
    U5$1              -2.145      0.387     -5.548      0.000
    U6$1              -2.110      0.382     -5.522      0.000

Latent Class 2

 Thresholds
    U1$1              -2.509      0.543     -4.617      0.000
    U2$1              -2.524      0.617     -4.091      0.000
    U3$1              -1.623      0.340     -4.771      0.000
    U4$1               2.300      0.445      5.164      0.000
    U5$1               2.365      0.437      5.410      0.000
    U6$1               2.690      0.553      4.864      0.000

Latent Class 3

 Thresholds
    U1$1              -1.925      0.323     -5.953      0.000
    U2$1              -1.413      0.256     -5.515      0.000
    U3$1              -2.387      0.409     -5.834      0.000
    U4$1              -2.233      0.361     -6.192      0.000
    U5$1              -1.831      0.307     -5.964      0.000
    U6$1              -1.841      0.299     -6.156      0.000

Latent Class 4

 Thresholds
    U1$1               1.427      0.273      5.221      0.000
    U2$1               1.723      0.311      5.541      0.000
    U3$1               1.680      0.291      5.772      0.000
    U4$1               2.421      0.404      5.990      0.000
    U5$1               1.831      0.295      6.197      0.000
    U6$1               2.039      0.330      6.174      0.000

Categorical Latent Variables

 Means
    C#1               -0.269      0.158     -1.701      0.089
    C#2               -0.326      0.176     -1.855      0.064
    C#3               -0.108      0.140     -0.771      0.440


QUALITY OF NUMERICAL RESULTS

     Condition Number for the Information Matrix              0.185E-01
       (ratio of smallest to largest eigenvalue)


RESULTS IN PROBABILITY SCALE

                                                    Two-Tailed
                    Estimate       S.E.  Est./S.E.    P-Value

Latent Class 1

 U1
    Category 1         0.956      0.029     33.448      0.000
    Category 2         0.044      0.029      1.550      0.121
 U2
    Category 1         0.945      0.028     33.203      0.000
    Category 2         0.055      0.028      1.923      0.054
 U3
    Category 1         0.918      0.035     26.437      0.000
    Category 2         0.082      0.035      2.350      0.019
 U4
    Category 1         0.111      0.039      2.819      0.005
    Category 2         0.889      0.039     22.602      0.000
 U5
    Category 1         0.105      0.036      2.889      0.004
    Category 2         0.895      0.036     24.677      0.000
 U6
    Category 1         0.108      0.037      2.935      0.003
    Category 2         0.892      0.037     24.198      0.000

Latent Class 2

 U1
    Category 1         0.075      0.038      1.990      0.047
    Category 2         0.925      0.038     24.456      0.000
 U2
    Category 1         0.074      0.042      1.750      0.080
    Category 2         0.926      0.042     21.847      0.000
 U3
    Category 1         0.165      0.047      3.518      0.000
    Category 2         0.835      0.047     17.839      0.000
 U4
    Category 1         0.909      0.037     24.634      0.000
    Category 2         0.091      0.037      2.470      0.013
 U5
    Category 1         0.914      0.034     26.630      0.000
    Category 2         0.086      0.034      2.503      0.012
 U6
    Category 1         0.936      0.033     28.446      0.000
    Category 2         0.064      0.033      1.931      0.054

Latent Class 3

 U1
    Category 1         0.127      0.036      3.543      0.000
    Category 2         0.873      0.036     24.297      0.000
 U2
    Category 1         0.196      0.040      4.852      0.000
    Category 2         0.804      0.040     19.938      0.000
 U3
    Category 1         0.084      0.032      2.668      0.008
    Category 2         0.916      0.032     29.045      0.000
 U4
    Category 1         0.097      0.032      3.070      0.002
    Category 2         0.903      0.032     28.647      0.000
 U5
    Category 1         0.138      0.037      3.780      0.000
    Category 2         0.862      0.037     23.581      0.000
 U6
    Category 1         0.137      0.035      3.874      0.000
    Category 2         0.863      0.035     24.419      0.000

Latent Class 4

 U1
    Category 1         0.806      0.043     18.902      0.000
    Category 2         0.194      0.043      4.537      0.000
 U2
    Category 1         0.848      0.040     21.228      0.000
    Category 2         0.152      0.040      3.791      0.000
 U3
    Category 1         0.843      0.039     21.871      0.000
    Category 2         0.157      0.039      4.074      0.000
 U4
    Category 1         0.918      0.030     30.324      0.000
    Category 2         0.082      0.030      2.695      0.007
 U5
    Category 1         0.862      0.035     24.502      0.000
    Category 2         0.138      0.035      3.928      0.000
 U6
    Category 1         0.885      0.034     26.293      0.000
    Category 2         0.115      0.034      3.422      0.001


LATENT CLASS INDICATOR ODDS RATIOS FOR THE LATENT CLASSES

                                                95% C.I.
                    Estimate       S.E.  Lower 2.5% Upper 2.5%

Latent Class 1 Compared to Latent Class 2

 U1
    Category > 1       0.004      0.003      0.001      0.021
 U2
    Category > 1       0.005      0.004      0.001      0.023
 U3
    Category > 1       0.018      0.010      0.006      0.054
 U4
    Category > 1      79.945     48.066     24.604    259.760
 U5
    Category > 1      90.868     53.200     28.844    286.264
 U6
    Category > 1     121.476     82.332     32.179    458.576

Latent Class 1 Compared to Latent Class 3

 U1
    Category > 1       0.007      0.005      0.002      0.029
 U2
    Category > 1       0.014      0.009      0.004      0.046
 U3
    Category > 1       0.008      0.005      0.002      0.027
 U4
    Category > 1       0.859      0.472      0.293      2.522
 U5
    Category > 1       1.369      0.695      0.506      3.702
 U6
    Category > 1       1.308      0.644      0.498      3.433

Latent Class 1 Compared to Latent Class 4

 U1
    Category > 1       0.193      0.143      0.045      0.828
 U2
    Category > 1       0.324      0.215      0.089      1.188
 U3
    Category > 1       0.477      0.269      0.158      1.438
 U4
    Category > 1      90.224     50.250     30.286    268.786
 U5
    Category > 1      53.273     25.399     20.925    135.627
 U6
    Category > 1      63.361     31.436     23.961    167.550

Latent Class 2 Compared to Latent Class 3

 U1
    Category > 1       1.792      1.158      0.505      6.359
 U2
    Category > 1       3.037      2.070      0.799     11.554
 U3
    Category > 1       0.466      0.256      0.159      1.367
 U4
    Category > 1       0.011      0.006      0.004      0.033
 U5
    Category > 1       0.015      0.008      0.005      0.043
 U6
    Category > 1       0.011      0.007      0.003      0.037

Latent Class 2 Compared to Latent Class 4

 U1
    Category > 1      51.189     30.578     15.875    165.063
 U2
    Category > 1      69.889     47.660     18.362    266.006
 U3
    Category > 1      27.219     12.162     11.338     65.344
 U4
    Category > 1       1.129      0.710      0.329      3.870
 U5
    Category > 1       0.586      0.322      0.200      1.721
 U6
    Category > 1       0.522      0.354      0.138      1.970

Latent Class 3 Compared to Latent Class 4

 U1
    Category > 1      28.573     12.137     12.428     65.692
 U2
    Category > 1      23.009      9.255     10.460     50.615
 U3
    Category > 1      58.432     29.199     21.943    155.601
 U4
    Category > 1     105.024     57.186     36.124    305.340
 U5
    Category > 1      38.908     16.662     16.808     90.067
 U6
    Category > 1      48.438     21.570     20.236    115.942


     Beginning Time:  16:56:19
        Ending Time:  16:56:21
       Elapsed Time:  00:00:02



MUTHEN & MUTHEN
3463 Stoner Ave.
Los Angeles, CA  90066

Tel: (310) 391-9971
Fax: (310) 391-8971
Web: www.StatModel.com
Support: Support@StatModel.com

Copyright (c) 1998-2024 Muthen & Muthen
