Mplus VERSION 8.11
MUTHEN & MUTHEN
01/21/2025   5:00 PM

INPUT INSTRUCTIONS

  TITLE:
  Simple, Real, 4-Class
  DATA:
  FILE = "C:/Users/dnajiarch/Box/Dissertation/detect_dif/models/
  simple_real_c4.dat";
  VARIABLE:
  NAMES = u1 u2 u3 u4 u5 u6 c;
   MISSING=.;
   categorical = u1-u6;
  usevar = u1-u6;
  classes = c(4);
  ANALYSIS:
  estimator = mlr;
      type = mixture;
      starts = 500 100;
  OUTPUT:
  sampstat;



*** WARNING in OUTPUT command
  SAMPSTAT option is not available when all outcomes are censored, ordered
  categorical, unordered categorical (nominal), count or continuous-time
  survival variables.  Request for SAMPSTAT is ignored.
   1 WARNING(S) FOUND IN THE INPUT INSTRUCTIONS




Simple, Real, 4-Class

SUMMARY OF ANALYSIS

Number of groups                                                 1
Number of observations                                         500

Number of dependent variables                                    6
Number of independent variables                                  0
Number of continuous latent variables                            0
Number of categorical latent variables                           1

Observed dependent variables

  Binary and ordered categorical (ordinal)
   U1          U2          U3          U4          U5          U6

Categorical latent variables
   C


Estimator                                                      MLR
Information matrix                                        OBSERVED
Optimization Specifications for the Quasi-Newton Algorithm for
Continuous Outcomes
  Maximum number of iterations                                 100
  Convergence criterion                                  0.100D-05
Optimization Specifications for the EM Algorithm
  Maximum number of iterations                                 500
  Convergence criteria
    Loglikelihood change                                 0.100D-06
    Relative loglikelihood change                        0.100D-06
    Derivative                                           0.100D-05
Optimization Specifications for the M step of the EM Algorithm for
Categorical Latent variables
  Number of M step iterations                                    1
  M step convergence criterion                           0.100D-05
  Basis for M step termination                           ITERATION
Optimization Specifications for the M step of the EM Algorithm for
Censored, Binary or Ordered Categorical (Ordinal), Unordered
Categorical (Nominal) and Count Outcomes
  Number of M step iterations                                    1
  M step convergence criterion                           0.100D-05
  Basis for M step termination                           ITERATION
  Maximum value for logit thresholds                            15
  Minimum value for logit thresholds                           -15
  Minimum expected cell size for chi-square              0.100D-01
Maximum number of iterations for H1                           2000
Convergence criterion for H1                             0.100D-03
Optimization algorithm                                         EMA
Random Starts Specifications
  Number of initial stage random starts                        500
  Number of final stage optimizations                          100
  Number of initial stage iterations                            10
  Initial stage convergence criterion                    0.100D+01
  Random starts scale                                    0.500D+01
  Random seed for generating random starts                       0
Link                                                         LOGIT

Input data file(s)
  C:/Users/dnajiarch/Box/Dissertation/detect_dif/models/simple_real_c4.dat
Input data format  FREE


SUMMARY OF DATA

     Number of missing data patterns             1
     Number of y missing data patterns           0
     Number of u missing data patterns           1


COVARIANCE COVERAGE OF DATA

Minimum covariance coverage value   0.100


UNIVARIATE PROPORTIONS AND COUNTS FOR CATEGORICAL VARIABLES

    U1
      Category 1    0.364          182.000
      Category 2    0.636          318.000
    U2
      Category 1    0.410          205.000
      Category 2    0.590          295.000
    U3
      Category 1    0.568          284.000
      Category 2    0.432          216.000
    U4
      Category 1    0.482          241.000
      Category 2    0.518          259.000
    U5
      Category 1    0.608          304.000
      Category 2    0.392          196.000
    U6
      Category 1    0.480          240.000
      Category 2    0.520          260.000


RANDOM STARTS RESULTS RANKED FROM THE BEST TO THE WORST LOGLIKELIHOOD VALUES

Final stage loglikelihood values at local maxima, seeds, and initial stage start numbers:

           -1697.615  507154           387
           -1697.615  440841           118
           -1697.615  971693           470
           -1697.615  17359            227
           -1697.615  662718           460
           -1697.615  608460           244
           -1697.615  736574           414
           -1697.615  399848           220
           -1697.615  89970            223
           -1697.615  966014           37
           -1697.615  76451            211
           -1697.615  100874           108
           -1697.615  699554           427
           -1697.615  794236           127
           -1697.615  784664           75
           -1697.615  425982           485
           -1697.615  181293           212
           -1697.615  281462           285
           -1697.615  399380           436
           -1697.615  945065           255
           -1697.615  156536           245
           -1697.615  749635           420
           -1697.615  173440           328
           -1697.615  392766           331
           -1697.615  685657           69
           -1697.615  485256           371
           -1697.615  168762           200
           -1697.615  483369           270
           -1697.615  414284           158
           -1697.615  714997           399
           -1697.615  369602           146
           -1697.615  404510           442
           -1697.615  131856           90
           -1697.615  592219           119
           -1697.618  605565           404
           -1697.618  402224           91
           -1697.618  848163           47
           -1697.618  136842           58
           -1697.618  875667           367
           -1697.618  963053           43
           -1698.484  802682           419
           -1698.484  813779           92
           -1698.484  569833           85
           -1698.484  80438            246
           -1698.484  185071           370
           -1698.495  802256           477
           -1698.495  913639           162

53 perturbed starting value run(s) did not converge or were rejected in the third stage.



THE BEST LOGLIKELIHOOD VALUE HAS BEEN REPLICATED.  RERUN WITH AT LEAST TWICE THE
RANDOM STARTS TO CHECK THAT THE BEST LOGLIKELIHOOD IS STILL OBTAINED AND REPLICATED.

     IN THE OPTIMIZATION, ONE OR MORE LOGIT THRESHOLDS APPROACHED EXTREME VALUES
     OF -15.000 AND 15.000 AND WERE FIXED TO STABILIZE MODEL ESTIMATION.  THESE
     VALUES IMPLY PROBABILITIES OF 0 AND 1.  IN THE MODEL RESULTS SECTION, THESE
     PARAMETERS HAVE 0 STANDARD ERRORS AND 999 IN THE Z-SCORE AND P-VALUE COLUMNS.




THE MODEL ESTIMATION TERMINATED NORMALLY



MODEL FIT INFORMATION

Number of Free Parameters                       27

Loglikelihood

          H0 Value                       -1697.615
          H0 Scaling Correction Factor      1.0344
            for MLR

Information Criteria

          Akaike (AIC)                    3449.230
          Bayesian (BIC)                  3563.024
          Sample-Size Adjusted BIC        3477.324
            (n* = (n + 2) / 24)

Chi-Square Test of Model Fit for the Binary and Ordered Categorical
(Ordinal) Outcomes

          Pearson Chi-Square

          Value                             41.737
          Degrees of Freedom                    36
          P-Value                           0.2355

          Likelihood Ratio Chi-Square

          Value                             45.046
          Degrees of Freedom                    36
          P-Value                           0.1434



FINAL CLASS COUNTS AND PROPORTIONS FOR THE LATENT CLASSES
BASED ON THE ESTIMATED MODEL

    Latent
   Classes

       1        100.27953          0.20056
       2        121.58733          0.24317
       3        141.03057          0.28206
       4        137.10257          0.27421


FINAL CLASS COUNTS AND PROPORTIONS FOR THE LATENT CLASSES
BASED ON ESTIMATED POSTERIOR PROBABILITIES

    Latent
   Classes

       1        100.27953          0.20056
       2        121.58733          0.24317
       3        141.03057          0.28206
       4        137.10257          0.27421


FINAL CLASS COUNTS AND PROPORTIONS FOR THE LATENT CLASSES
BASED ON THEIR MOST LIKELY LATENT CLASS MEMBERSHIP

Class Counts and Proportions

    Latent
   Classes

       1              103          0.20600
       2              126          0.25200
       3              134          0.26800
       4              137          0.27400


CLASSIFICATION QUALITY

     Entropy                         0.836


Average Latent Class Probabilities for Most Likely Latent Class Membership (Row)
by Latent Class (Column)

           1        2        3        4

    1   0.887    0.028    0.000    0.085
    2   0.000    0.888    0.112    0.000
    3   0.000    0.051    0.947    0.002
    4   0.065    0.000    0.000    0.935


Classification Probabilities for the Most Likely Latent Class Membership (Column)
by Latent Class (Row)

           1        2        3        4

    1   0.911    0.000    0.000    0.089
    2   0.024    0.920    0.056    0.000
    3   0.000    0.100    0.900    0.000
    4   0.064    0.000    0.002    0.934


Logits for the Classification Probabilities for the Most Likely Latent Class Membership (Column)
by Latent Class (Row)

              1        2        3        4

    1      2.325  -11.398  -11.398    0.000
    2      8.014   11.659    8.861    0.000
    3      0.000   11.516   13.710    0.000
    4     -2.685  -13.747   -6.041    0.000


MODEL RESULTS

                                                    Two-Tailed
                    Estimate       S.E.  Est./S.E.    P-Value

Latent Class 1

 Thresholds
    U1$1              -0.577      0.308     -1.871      0.061
    U2$1              -0.636      0.314     -2.028      0.043
    U3$1              -0.129      0.281     -0.460      0.646
    U4$1              -1.488      0.566     -2.632      0.008
    U5$1               1.955      0.598      3.269      0.001
    U6$1              15.000      0.000    999.000    999.000

Latent Class 2

 Thresholds
    U1$1              -2.156      0.348     -6.190      0.000
    U2$1              -1.830      0.324     -5.644      0.000
    U3$1              -4.303      8.023     -0.536      0.592
    U4$1              -3.075      1.561     -1.969      0.049
    U5$1              -1.728      0.325     -5.309      0.000
    U6$1              -3.704      1.912     -1.938      0.053

Latent Class 3

 Thresholds
    U1$1              -1.089      0.278     -3.914      0.000
    U2$1              -0.844      0.252     -3.345      0.001
    U3$1               0.931      0.388      2.402      0.016
    U4$1               0.487      0.363      1.341      0.180
    U5$1              -0.164      0.281     -0.583      0.560
    U6$1             -15.000      0.000    999.000    999.000

Latent Class 4

 Thresholds
    U1$1               0.912      0.212      4.291      0.000
    U2$1               1.451      0.284      5.105      0.000
    U3$1               3.873      1.636      2.367      0.018
    U4$1               2.878      0.948      3.037      0.002
    U5$1               3.493      0.577      6.052      0.000
    U6$1               6.107     13.747      0.444      0.657

Categorical Latent Variables

 Means
    C#1               -0.313      0.257     -1.217      0.224
    C#2               -0.120      0.311     -0.387      0.699
    C#3                0.028      0.198      0.142      0.887


QUALITY OF NUMERICAL RESULTS

     Condition Number for the Information Matrix              0.512E-04
       (ratio of smallest to largest eigenvalue)


RESULTS IN PROBABILITY SCALE

                                                    Two-Tailed
                    Estimate       S.E.  Est./S.E.    P-Value

Latent Class 1

 U1
    Category 1         0.360      0.071      5.069      0.000
    Category 2         0.640      0.071      9.022      0.000
 U2
    Category 1         0.346      0.071      4.878      0.000
    Category 2         0.654      0.071      9.212      0.000
 U3
    Category 1         0.468      0.070      6.694      0.000
    Category 2         0.532      0.070      7.615      0.000
 U4
    Category 1         0.184      0.085      2.167      0.030
    Category 2         0.816      0.085      9.600      0.000
 U5
    Category 1         0.876      0.065     13.485      0.000
    Category 2         0.124      0.065      1.909      0.056
 U6
    Category 1         1.000      0.000      0.000      1.000
    Category 2         0.000      0.000      0.000      1.000

Latent Class 2

 U1
    Category 1         0.104      0.032      3.204      0.001
    Category 2         0.896      0.032     27.667      0.000
 U2
    Category 1         0.138      0.039      3.579      0.000
    Category 2         0.862      0.039     22.310      0.000
 U3
    Category 1         0.013      0.106      0.126      0.899
    Category 2         0.987      0.106      9.340      0.000
 U4
    Category 1         0.044      0.066      0.670      0.503
    Category 2         0.956      0.066     14.504      0.000
 U5
    Category 1         0.151      0.042      3.619      0.000
    Category 2         0.849      0.042     20.366      0.000
 U6
    Category 1         0.024      0.045      0.536      0.592
    Category 2         0.976      0.045     21.763      0.000

Latent Class 3

 U1
    Category 1         0.252      0.052      4.804      0.000
    Category 2         0.748      0.052     14.275      0.000
 U2
    Category 1         0.301      0.053      5.666      0.000
    Category 2         0.699      0.053     13.179      0.000
 U3
    Category 1         0.717      0.079      9.127      0.000
    Category 2         0.283      0.079      3.597      0.000
 U4
    Category 1         0.619      0.086      7.233      0.000
    Category 2         0.381      0.086      4.443      0.000
 U5
    Category 1         0.459      0.070      6.581      0.000
    Category 2         0.541      0.070      7.752      0.000
 U6
    Category 1         0.000      0.000      0.000      1.000
    Category 2         1.000      0.000      0.000      1.000

Latent Class 4

 U1
    Category 1         0.713      0.043     16.419      0.000
    Category 2         0.287      0.043      6.599      0.000
 U2
    Category 1         0.810      0.044     18.533      0.000
    Category 2         0.190      0.044      4.344      0.000
 U3
    Category 1         0.980      0.033     29.989      0.000
    Category 2         0.020      0.033      0.624      0.533
 U4
    Category 1         0.947      0.048     19.807      0.000
    Category 2         0.053      0.048      1.115      0.265
 U5
    Category 1         0.970      0.017     58.689      0.000
    Category 2         0.030      0.017      1.785      0.074
 U6
    Category 1         0.998      0.030     32.730      0.000
    Category 2         0.002      0.030      0.073      0.942


LATENT CLASS INDICATOR ODDS RATIOS FOR THE LATENT CLASSES

                                                95% C.I.
                    Estimate       S.E.  Lower 2.5% Upper 2.5%

Latent Class 1 Compared to Latent Class 2

 U1
    Category > 1       0.206      0.097      0.082      0.520
 U2
    Category > 1       0.303      0.138      0.124      0.739
 U3
    Category > 1       0.015      0.122      0.000  89154.039
 U4
    Category > 1       0.205      0.344      0.008      5.543
 U5
    Category > 1       0.025      0.016      0.007      0.088
 U6
    Category > 1       0.000      0.000      0.000      0.000

Latent Class 1 Compared to Latent Class 3

 U1
    Category > 1       0.599      0.228      0.284      1.262
 U2
    Category > 1       0.812      0.297      0.397      1.662
 U3
    Category > 1       2.886      1.413      1.106      7.533
 U4
    Category > 1       7.211      4.113      2.357     22.057
 U5
    Category > 1       0.120      0.072      0.037      0.387
 U6
    Category > 1       0.000      0.000      0.000      0.000

Latent Class 1 Compared to Latent Class 4

 U1
    Category > 1       4.429      1.608      2.174      9.021
 U2
    Category > 1       8.057      3.147      3.747     17.324
 U3
    Category > 1      54.683     86.563      2.457   1217.078
 U4
    Category > 1      78.715     71.933     13.127    471.989
 U5
    Category > 1       4.653      4.198      0.794     27.272
 U6
    Category > 1       0.000      0.000      0.000      0.000

Latent Class 2 Compared to Latent Class 3

 U1
    Category > 1       2.907      1.423      1.113      7.589
 U2
    Category > 1       2.680      1.147      1.158      6.201
 U3
    Category > 1     187.598   1495.880      0.000  *********
 U4
    Category > 1      35.235     55.439      1.613    769.611
 U5
    Category > 1       4.778      1.967      2.132     10.708
 U6
    Category > 1       0.000      0.000      0.000      0.000

Latent Class 2 Compared to Latent Class 4

 U1
    Category > 1      21.489      8.792      9.637     47.918
 U2
    Category > 1      26.594     11.438     11.447     61.785
 U3
    Category > 1    3554.030  27387.006      0.001  *********
 U4
    Category > 1     384.629    717.303      9.945  14876.274
 U5
    Category > 1     184.987    123.995     49.726    688.179
 U6
    Category > 1   18228.932  *********      0.000  *********

Latent Class 3 Compared to Latent Class 4

 U1
    Category > 1       7.393      2.474      3.837     14.246
 U2
    Category > 1       9.922      3.596      4.876     20.190
 U3
    Category > 1      18.945     31.810      0.705    509.016
 U4
    Category > 1      10.916     10.201      1.748     68.158
 U5
    Category > 1      38.720     25.427     10.689    140.254
 U6
    Category > 1   *********      0.000  *********  *********


     Beginning Time:  17:00:25
        Ending Time:  17:00:27
       Elapsed Time:  00:00:02



MUTHEN & MUTHEN
3463 Stoner Ave.
Los Angeles, CA  90066

Tel: (310) 391-9971
Fax: (310) 391-8971
Web: www.StatModel.com
Support: Support@StatModel.com

Copyright (c) 1998-2024 Muthen & Muthen
