Mplus VERSION 8.11
MUTHEN & MUTHEN
01/21/2025   4:55 PM

INPUT INSTRUCTIONS

  TITLE:
  Complex, Ideal Separation
  MONTECARLO:
  NAMES = u1-u6;
      	GENERATE = u1-u6(1);
      	CATEGORICAL = u1-u6;
      	GENCLASSES = c(4);
      	CLASSES = c(4);
      	NOBSERVATIONS = 500;
      	SEED = 1495;
      	NREPS = 1;
        REPSAVE = all;
        SAVE= p1m1_N500_C4_even_simple_ideal_results*.csv;
  MODEL POPULATION:
  %OVERALL%

      [c#1*0];
      [c#2*0];
      [c#3*0];
    	
       %C#1%

    	 [u1$1*-2 u2$1*-2 u3$1*-2
    	 u4$1*-2 u5$1*-2 u6$1*-2];

       %C#2%

    	 [u1$1*-2 u2$1*-2 u3$1*-2
    	 u4$1*2 u5$1*2 u6$1*2];
    	
       %C#3%

    	 [u1$1*2 u2$1*2 u3$1*2
    	 u4$1*-2 u5$1*-2 u6$1*-2];

       %C#4%

    	 [u1$1*2 u2$1*2 u3$1*2
    	 u4$1*2 u5$1*2 u6$1*2];
  ANALYSIS:
  TYPE = MIXTURE;
       STARTS = 200 100;
  OUTPUT:
  tech9 tech11;



INPUT READING TERMINATED NORMALLY




Complex, Ideal Separation

SUMMARY OF ANALYSIS

Number of groups                                                 1
Number of observations                                         500

Number of replications
    Requested                                                    1
    Completed                                                    1
Value of seed                                                 1495

Number of dependent variables                                    6
Number of independent variables                                  0
Number of continuous latent variables                            0
Number of categorical latent variables                           1

Observed dependent variables

  Binary and ordered categorical (ordinal)
   U1          U2          U3          U4          U5          U6

Categorical latent variables
   C


Estimator                                                      MLR
Information matrix                                        OBSERVED
Optimization Specifications for the Quasi-Newton Algorithm for
Continuous Outcomes
  Maximum number of iterations                                 100
  Convergence criterion                                  0.100D-05
Optimization Specifications for the EM Algorithm
  Maximum number of iterations                                 500
  Convergence criteria
    Loglikelihood change                                 0.100D-06
    Relative loglikelihood change                        0.100D-06
    Derivative                                           0.100D-05
Optimization Specifications for the M step of the EM Algorithm for
Categorical Latent variables
  Number of M step iterations                                    1
  M step convergence criterion                           0.100D-05
  Basis for M step termination                           ITERATION
Optimization Specifications for the M step of the EM Algorithm for
Censored, Binary or Ordered Categorical (Ordinal), Unordered
Categorical (Nominal) and Count Outcomes
  Number of M step iterations                                    1
  M step convergence criterion                           0.100D-05
  Basis for M step termination                           ITERATION
  Maximum value for logit thresholds                            15
  Minimum value for logit thresholds                           -15
  Minimum expected cell size for chi-square              0.100D-01
Optimization algorithm                                         EMA
Random Starts Specifications
  Number of initial stage random starts                        200
  Number of final stage optimizations                          100
  Number of initial stage iterations                            10
  Initial stage convergence criterion                    0.100D+01
  Random starts scale                                    0.500D+01
  Random seed for generating random starts                       0
Link                                                         LOGIT





MODEL FIT INFORMATION

Number of Free Parameters                       27

Loglikelihood

    H0 Value

        Mean                             -1623.999
        Std Dev                              0.000
        Number of successful computations        1

             Proportions                   Percentiles
        Expected    Observed         Expected       Observed
           0.990       0.000        -1623.999      -1623.999
           0.980       0.000        -1623.999      -1623.999
           0.950       0.000        -1623.999      -1623.999
           0.900       0.000        -1623.999      -1623.999
           0.800       0.000        -1623.999      -1623.999
           0.700       0.000        -1623.999      -1623.999
           0.500       0.000        -1623.999      -1623.999
           0.300       0.000        -1623.999      -1623.999
           0.200       0.000        -1623.999      -1623.999
           0.100       0.000        -1623.999      -1623.999
           0.050       0.000        -1623.999      -1623.999
           0.020       0.000        -1623.999      -1623.999
           0.010       0.000        -1623.999      -1623.999

Information Criteria

    Akaike (AIC)

        Mean                              3301.997
        Std Dev                              0.000
        Number of successful computations        1

             Proportions                   Percentiles
        Expected    Observed         Expected       Observed
           0.990       0.000         3301.997       3301.997
           0.980       0.000         3301.997       3301.997
           0.950       0.000         3301.997       3301.997
           0.900       0.000         3301.997       3301.997
           0.800       0.000         3301.997       3301.997
           0.700       0.000         3301.997       3301.997
           0.500       0.000         3301.997       3301.997
           0.300       0.000         3301.997       3301.997
           0.200       0.000         3301.997       3301.997
           0.100       0.000         3301.997       3301.997
           0.050       0.000         3301.997       3301.997
           0.020       0.000         3301.997       3301.997
           0.010       0.000         3301.997       3301.997

    Bayesian (BIC)

        Mean                              3415.792
        Std Dev                              0.000
        Number of successful computations        1

             Proportions                   Percentiles
        Expected    Observed         Expected       Observed
           0.990       0.000         3415.792       3415.792
           0.980       0.000         3415.792       3415.792
           0.950       0.000         3415.792       3415.792
           0.900       0.000         3415.792       3415.792
           0.800       0.000         3415.792       3415.792
           0.700       0.000         3415.792       3415.792
           0.500       0.000         3415.792       3415.792
           0.300       0.000         3415.792       3415.792
           0.200       0.000         3415.792       3415.792
           0.100       0.000         3415.792       3415.792
           0.050       0.000         3415.792       3415.792
           0.020       0.000         3415.792       3415.792
           0.010       0.000         3415.792       3415.792

    Sample-Size Adjusted BIC (n* = (n + 2) / 24)

        Mean                              3330.092
        Std Dev                              0.000
        Number of successful computations        1

             Proportions                   Percentiles
        Expected    Observed         Expected       Observed
           0.990       0.000         3330.092       3330.092
           0.980       0.000         3330.092       3330.092
           0.950       0.000         3330.092       3330.092
           0.900       0.000         3330.092       3330.092
           0.800       0.000         3330.092       3330.092
           0.700       0.000         3330.092       3330.092
           0.500       0.000         3330.092       3330.092
           0.300       0.000         3330.092       3330.092
           0.200       0.000         3330.092       3330.092
           0.100       0.000         3330.092       3330.092
           0.050       0.000         3330.092       3330.092
           0.020       0.000         3330.092       3330.092
           0.010       0.000         3330.092       3330.092

Chi-Square Test of Model Fit for the Binary and Ordered Categorical
(Ordinal) Outcomes

    Pearson Chi-Square

        Mean                                25.980
        Std Dev                              0.000
        Degrees of freedom                      36
        Number of successful computations        1

             Proportions                   Percentiles
        Expected    Observed         Expected       Observed
           0.990       1.000           19.233         25.980
           0.980       1.000           20.783         25.980
           0.950       1.000           23.269         25.980
           0.900       1.000           25.643         25.980
           0.800       0.000           28.735         25.980
           0.700       0.000           31.115         25.980
           0.500       0.000           35.336         25.980
           0.300       0.000           39.922         25.980
           0.200       0.000           42.879         25.980
           0.100       0.000           47.212         25.980
           0.050       0.000           50.998         25.980
           0.020       0.000           55.489         25.980
           0.010       0.000           58.619         25.980

    Likelihood Ratio Chi-Square

        Mean                                32.662
        Std Dev                              0.000
        Degrees of freedom                      36
        Number of successful computations        1

             Proportions                   Percentiles
        Expected    Observed         Expected       Observed
           0.990       1.000           19.233         32.662
           0.980       1.000           20.783         32.662
           0.950       1.000           23.269         32.662
           0.900       1.000           25.643         32.662
           0.800       1.000           28.735         32.662
           0.700       1.000           31.115         32.662
           0.500       0.000           35.336         32.662
           0.300       0.000           39.922         32.662
           0.200       0.000           42.879         32.662
           0.100       0.000           47.212         32.662
           0.050       0.000           50.998         32.662
           0.020       0.000           55.489         32.662
           0.010       0.000           58.619         32.662



FINAL CLASS COUNTS AND PROPORTIONS FOR THE LATENT CLASSES
BASED ON THE ESTIMATED MODEL

    Latent
   Classes

       1        132.66715          0.26533
       2        147.78190          0.29556
       3        106.63468          0.21327
       4        112.91627          0.22583


FINAL CLASS COUNTS AND PROPORTIONS FOR THE LATENT CLASSES
BASED ON ESTIMATED POSTERIOR PROBABILITIES

    Latent
   Classes

       1        132.66715          0.26533
       2        147.78190          0.29556
       3        106.63468          0.21327
       4        112.91627          0.22583


FINAL CLASS COUNTS AND PROPORTIONS FOR THE LATENT CLASSES
BASED ON THEIR MOST LIKELY LATENT CLASS MEMBERSHIP

Class Counts and Proportions

    Latent
   Classes

       1              125          0.25000
       2              139          0.27800
       3              117          0.23400
       4              119          0.23800


CLASSIFICATION QUALITY

     Entropy                         0.845


Average Latent Class Probabilities for Most Likely Latent Class Membership (Row)
by Latent Class (Column)

           1        2        3        4

    1   0.973    0.003    0.015    0.009
    2   0.002    0.952    0.021    0.026
    3   0.041    0.088    0.870    0.000
    4   0.050    0.040    0.000    0.909


Classification Probabilities for the Most Likely Latent Class Membership (Column)
by Latent Class (Row)

           1        2        3        4

    1   0.917    0.002    0.036    0.045
    2   0.002    0.895    0.070    0.033
    3   0.018    0.027    0.955    0.001
    4   0.010    0.032    0.000    0.958


Logits for the Classification Probabilities for the Most Likely Latent Class Membership (Column)
by Latent Class (Row)

              1        2        3        4

    1      3.023   -3.076   -0.204    0.000
    2     -2.600    3.315    0.765    0.000
    3      3.498    3.924    7.489    0.000
    4     -4.582   -3.413   -8.331    0.000


MODEL RESULTS

                              ESTIMATES              S. E.     M. S. E.  95%  % Sig
                 Population   Average   Std. Dev.   Average             Cover Coeff

Latent Class 1

 Thresholds
  U1$1               -1.000    -1.9254     0.0000     0.3234     0.8564 0.000 1.000
  U2$1               -1.000    -1.4132     0.0000     0.2562     0.1707 1.000 1.000
  U3$1               -1.000    -2.3874     0.0000     0.4092     1.9250 0.000 1.000
  U4$1               -1.000    -2.2335     0.0000     0.3607     1.5215 0.000 1.000
  U5$1               -1.000    -1.8306     0.0000     0.3069     0.6900 0.000 1.000
  U6$1               -1.000    -1.8411     0.0000     0.2991     0.7074 0.000 1.000

Latent Class 2

 Thresholds
  U1$1                0.000     1.4270     0.0000     0.2733     2.0364 0.000 1.000
  U2$1                0.000     1.7227     0.0000     0.3109     2.9677 0.000 1.000
  U3$1                0.000     1.6804     0.0000     0.2912     2.8239 0.000 1.000
  U4$1                0.000     2.4207     0.0000     0.4041     5.8599 0.000 1.000
  U5$1                0.000     1.8306     0.0000     0.2954     3.3509 0.000 1.000
  U6$1                0.000     2.0392     0.0000     0.3303     4.1583 0.000 1.000

Latent Class 3

 Thresholds
  U1$1                0.000    -2.5085     0.0000     0.5433     6.2926 0.000 1.000
  U2$1                0.000    -2.5242     0.0000     0.6171     6.3717 0.000 1.000
  U3$1                0.000    -1.6235     0.0000     0.3403     2.6357 0.000 1.000
  U4$1                0.000     2.2998     0.0000     0.4454     5.2889 0.000 1.000
  U5$1                0.000     2.3645     0.0000     0.4371     5.5910 0.000 1.000
  U6$1                0.000     2.6901     0.0000     0.5531     7.2364 0.000 1.000

Latent Class 4

 Thresholds
  U1$1                1.000     3.0716     0.0000     0.6750     4.2914 0.000 1.000
  U2$1                1.000     2.8486     0.0000     0.5501     3.4174 0.000 1.000
  U3$1                1.000     2.4203     0.0000     0.4633     2.0172 0.000 1.000
  U4$1                1.000    -2.0816     0.0000     0.3989     9.4962 0.000 1.000
  U5$1                1.000    -2.1449     0.0000     0.3866     9.8902 0.000 1.000
  U6$1                1.000    -2.1097     0.0000     0.3821     9.6700 0.000 1.000

Categorical Latent Variables

 Means
  C#1                 0.000     0.1612     0.0000     0.1545     0.0260 1.000 0.000
  C#2                 0.000     0.2691     0.0000     0.1582     0.0724 1.000 0.000
  C#3                 0.000    -0.0572     0.0000     0.1639     0.0033 1.000 0.000


QUALITY OF NUMERICAL RESULTS

     Average Condition Number for the Information Matrix      0.158E-01
       (ratio of smallest to largest eigenvalue)


TECHNICAL 1 OUTPUT


     PARAMETER SPECIFICATION FOR LATENT CLASS 1


     PARAMETER SPECIFICATION FOR LATENT CLASS 2


     PARAMETER SPECIFICATION FOR LATENT CLASS 3


     PARAMETER SPECIFICATION FOR LATENT CLASS 4


     PARAMETER SPECIFICATION FOR LATENT CLASS INDICATOR MODEL PART


           TAU(U) FOR LATENT CLASS 1
              U1$1          U2$1          U3$1          U4$1          U5$1
              ________      ________      ________      ________      ________
                    1             2             3             4             5


           TAU(U) FOR LATENT CLASS 1
              U6$1
              ________
                    6


           TAU(U) FOR LATENT CLASS 2
              U1$1          U2$1          U3$1          U4$1          U5$1
              ________      ________      ________      ________      ________
                    7             8             9            10            11


           TAU(U) FOR LATENT CLASS 2
              U6$1
              ________
                   12


           TAU(U) FOR LATENT CLASS 3
              U1$1          U2$1          U3$1          U4$1          U5$1
              ________      ________      ________      ________      ________
                   13            14            15            16            17


           TAU(U) FOR LATENT CLASS 3
              U6$1
              ________
                   18


           TAU(U) FOR LATENT CLASS 4
              U1$1          U2$1          U3$1          U4$1          U5$1
              ________      ________      ________      ________      ________
                   19            20            21            22            23


           TAU(U) FOR LATENT CLASS 4
              U6$1
              ________
                   24


     PARAMETER SPECIFICATION FOR LATENT CLASS REGRESSION MODEL PART


           ALPHA(C)
              C#1           C#2           C#3           C#4
              ________      ________      ________      ________
                   25            26            27             0


     STARTING VALUES FOR LATENT CLASS 1


     STARTING VALUES FOR LATENT CLASS 2


     STARTING VALUES FOR LATENT CLASS 3


     STARTING VALUES FOR LATENT CLASS 4


     STARTING VALUES FOR LATENT CLASS INDICATOR MODEL PART


           TAU(U) FOR LATENT CLASS 1
              U1$1          U2$1          U3$1          U4$1          U5$1
              ________      ________      ________      ________      ________
               -1.000        -1.000        -1.000        -1.000        -1.000


           TAU(U) FOR LATENT CLASS 1
              U6$1
              ________
               -1.000


           TAU(U) FOR LATENT CLASS 2
              U1$1          U2$1          U3$1          U4$1          U5$1
              ________      ________      ________      ________      ________
                0.000         0.000         0.000         0.000         0.000


           TAU(U) FOR LATENT CLASS 2
              U6$1
              ________
                0.000


           TAU(U) FOR LATENT CLASS 3
              U1$1          U2$1          U3$1          U4$1          U5$1
              ________      ________      ________      ________      ________
                0.000         0.000         0.000         0.000         0.000


           TAU(U) FOR LATENT CLASS 3
              U6$1
              ________
                0.000


           TAU(U) FOR LATENT CLASS 4
              U1$1          U2$1          U3$1          U4$1          U5$1
              ________      ________      ________      ________      ________
                1.000         1.000         1.000         1.000         1.000


           TAU(U) FOR LATENT CLASS 4
              U6$1
              ________
                1.000


     STARTING VALUES FOR LATENT CLASS REGRESSION MODEL PART


           ALPHA(C)
              C#1           C#2           C#3           C#4
              ________      ________      ________      ________
                0.000         0.000         0.000         0.000


     POPULATION VALUES FOR LATENT CLASS 1


     POPULATION VALUES FOR LATENT CLASS 2


     POPULATION VALUES FOR LATENT CLASS 3


     POPULATION VALUES FOR LATENT CLASS 4


     POPULATION VALUES FOR LATENT CLASS INDICATOR MODEL PART


           TAU(U) FOR LATENT CLASS 1
              U1$1          U2$1          U3$1          U4$1          U5$1
              ________      ________      ________      ________      ________
               -2.000        -2.000        -2.000        -2.000        -2.000


           TAU(U) FOR LATENT CLASS 1
              U6$1
              ________
               -2.000


           TAU(U) FOR LATENT CLASS 2
              U1$1          U2$1          U3$1          U4$1          U5$1
              ________      ________      ________      ________      ________
               -2.000        -2.000        -2.000         2.000         2.000


           TAU(U) FOR LATENT CLASS 2
              U6$1
              ________
                2.000


           TAU(U) FOR LATENT CLASS 3
              U1$1          U2$1          U3$1          U4$1          U5$1
              ________      ________      ________      ________      ________
                2.000         2.000         2.000        -2.000        -2.000


           TAU(U) FOR LATENT CLASS 3
              U6$1
              ________
               -2.000


           TAU(U) FOR LATENT CLASS 4
              U1$1          U2$1          U3$1          U4$1          U5$1
              ________      ________      ________      ________      ________
                2.000         2.000         2.000         2.000         2.000


           TAU(U) FOR LATENT CLASS 4
              U6$1
              ________
                2.000


     POPULATION VALUES FOR LATENT CLASS REGRESSION MODEL PART


           ALPHA(C)
              C#1           C#2           C#3           C#4
              ________      ________      ________      ________
                0.000         0.000         0.000         0.000


TECHNICAL 11 OUTPUT

     Random Starts Specifications for the k-1 Class Analysis Model
        Number of initial stage random starts                 200
        Number of final stage optimizations                   100

     RESULTS AVERAGED OVER REPLICATIONS

     VUONG-LO-MENDELL-RUBIN LIKELIHOOD RATIO TEST FOR 3 (H0) VERSUS 4 CLASSES

          H0 Loglikelihood Value                        -1702.236
          2 Times the Loglikelihood Difference            156.474
          Difference in the Number of Parameters                7
          Mean                                              1.068
          Standard Deviation                               10.597
          P-Value                                          0.0000
          Number of successful computations                     1

     LO-MENDELL-RUBIN ADJUSTED LRT TEST

          Value                                           152.958
          P-Value                                          0.0000
          Number of successful computations                     1

     PROPORTION OF REPLICATIONS REJECTED AT THE 5% LEVEL

          Vuong-Lo-Mendell-Rubin Likelihood Ratio Test     1.0000
          Replications Attempted                                1
          Replications Completed                                1

          Lo-Mendell-Rubin Adjusted LRT Test               1.0000
          Replications Attempted                                1
          Replications Completed                                1


TECHNICAL 9 OUTPUT

  Error messages for each replication (if any)

REPLICATION 1:
RANDOM STARTS RESULTS RANKED FROM THE BEST TO THE WORST LOGLIKELIHOOD VALUES

REPLICATION 1:
Final stage loglikelihood values at local maxima, seeds, and initial stage start numbers:

           -1623.999  650371           14
           -1623.999  913639           162
           -1623.999  313407           132
           -1623.999  575700           100
           -1623.999  440841           118
           -1623.999  783110           72
           -1623.999  436460           89
           -1623.999  303634           169
           -1623.999  120506           45
           -1623.999  407168           44
           -1623.999  654136           167
           -1623.999  318230           46
           -1623.999  576220           115
           -1623.999  46437            153
           -1623.999  565819           65
           -1623.999  626891           32
           -1623.999  468036           131
           -1623.999  153942           31
           -1623.999  281558           184
           -1623.999  830392           35
           -1623.999  329127           185
           -1623.999  794236           127
           -1623.999  751054           117
           -1623.999  168762           200
           -1623.999  195873           6
           -1623.999  366706           29
           -1623.999  793035           187
           -1623.999  991329           182
           -1623.999  903420           5
           -1623.999  496881           192
           -1623.999  533738           11
           -1623.999  415931           10
           -1623.999  887676           22
           -1623.999  931874           141
           -1623.999  215353           164
           -1623.999  345070           114
           -1623.999  268217           83
           -1623.999  354208           196
           -1623.999  749453           33
           -1623.999  405079           68
           -1623.999  821011           161
           -1623.999  544048           87
           -1623.999  754100           56
           -1623.999  415502           194
           -1623.999  321390           133
           -1623.999  509733           130
           -1623.999  587946           120
           -1623.999  311214           64
           -1623.999  782200           84
           -1623.999  535804           111
           -1623.999  391179           78
           -1623.999  285380           1
           -1623.999  260601           36
           -1623.999  570908           98
           -1623.999  526324           178
           -1623.999  411615           171
           -1623.999  848890           95
           -1623.999  476498           179
           -1623.999  856536           144
           -1623.999  393232           152
           -1623.999  202790           198
           -1623.999  207896           25
           -1623.999  131856           90
           -1623.999  371246           101
           -1623.999  152496           123
           -1623.999  848331           137
           -1623.999  443917           60
           -1623.999  192071           142
           -1623.999  860772           174
           -1623.999  232559           136
           -1623.999  569833           85
           -1623.999  751153           110
           -1623.999  150531           154
           -1623.999  107446           12
           -1623.999  127215           9
           -1623.999  695155           150
           -1623.999  685657           69
           -1623.999  992389           77
           -1623.999  484501           163
           -1623.999  247224           94
           -1623.999  802779           122
           -1623.999  573096           20
           -1623.999  551639           55
           -1623.999  27071            15
           -1623.999  579995           183
           -1623.999  636396           168
           -1623.999  728038           177
           -1623.999  319144           176
           -1623.999  76337            76
           -1623.999  972873           157
           -1623.999  190339           102
           -1623.999  383986           159
           -1623.999  76974            16
           -1623.999  100874           108
           -1623.999  136842           58
           -1623.999  950604           172
           -1623.999  618000           190
           -1623.999  645664           39
           -1623.999  603842           61

1 perturbed starting value run(s) did not converge or were rejected in the third stage.




SAVEDATA INFORMATION

  Order of variables

    U1
    U2
    U3
    U4
    U5
    U6
    C

  Save file
    p1m1_N500_C4_even_simple_ideal_results*.csv

  Save file format           Free
  Save file record length    10000


     Beginning Time:  16:55:21
        Ending Time:  16:55:24
       Elapsed Time:  00:00:03



MUTHEN & MUTHEN
3463 Stoner Ave.
Los Angeles, CA  90066

Tel: (310) 391-9971
Fax: (310) 391-8971
Web: www.StatModel.com
Support: Support@StatModel.com

Copyright (c) 1998-2024 Muthen & Muthen
