Mplus VERSION 8.11
MUTHEN & MUTHEN
01/21/2025   5:07 PM

INPUT INSTRUCTIONS

  TITLE:
  Simple, Unstable, 4-Class
  DATA:
  FILE = "C:/Users/dnajiarch/Box/Dissertation/detect_dif/models/
  simple_unstable_c4.dat";
  VARIABLE:
  NAMES = u1 u2 u3 u4 u5 u6 c;
   MISSING=.;
   categorical = u1-u6;
  usevar = u1-u6;
  classes = c(4);
  ANALYSIS:
  estimator = mlr;
      type = mixture;
      starts = 500 100;
  OUTPUT:
  sampstat;



*** WARNING in OUTPUT command
  SAMPSTAT option is not available when all outcomes are censored, ordered
  categorical, unordered categorical (nominal), count or continuous-time
  survival variables.  Request for SAMPSTAT is ignored.
   1 WARNING(S) FOUND IN THE INPUT INSTRUCTIONS




Simple, Unstable, 4-Class

SUMMARY OF ANALYSIS

Number of groups                                                 1
Number of observations                                         500

Number of dependent variables                                    6
Number of independent variables                                  0
Number of continuous latent variables                            0
Number of categorical latent variables                           1

Observed dependent variables

  Binary and ordered categorical (ordinal)
   U1          U2          U3          U4          U5          U6

Categorical latent variables
   C


Estimator                                                      MLR
Information matrix                                        OBSERVED
Optimization Specifications for the Quasi-Newton Algorithm for
Continuous Outcomes
  Maximum number of iterations                                 100
  Convergence criterion                                  0.100D-05
Optimization Specifications for the EM Algorithm
  Maximum number of iterations                                 500
  Convergence criteria
    Loglikelihood change                                 0.100D-06
    Relative loglikelihood change                        0.100D-06
    Derivative                                           0.100D-05
Optimization Specifications for the M step of the EM Algorithm for
Categorical Latent variables
  Number of M step iterations                                    1
  M step convergence criterion                           0.100D-05
  Basis for M step termination                           ITERATION
Optimization Specifications for the M step of the EM Algorithm for
Censored, Binary or Ordered Categorical (Ordinal), Unordered
Categorical (Nominal) and Count Outcomes
  Number of M step iterations                                    1
  M step convergence criterion                           0.100D-05
  Basis for M step termination                           ITERATION
  Maximum value for logit thresholds                            15
  Minimum value for logit thresholds                           -15
  Minimum expected cell size for chi-square              0.100D-01
Maximum number of iterations for H1                           2000
Convergence criterion for H1                             0.100D-03
Optimization algorithm                                         EMA
Random Starts Specifications
  Number of initial stage random starts                        500
  Number of final stage optimizations                          100
  Number of initial stage iterations                            10
  Initial stage convergence criterion                    0.100D+01
  Random starts scale                                    0.500D+01
  Random seed for generating random starts                       0
Link                                                         LOGIT

Input data file(s)
  C:/Users/dnajiarch/Box/Dissertation/detect_dif/models/simple_unstable_c4.dat
Input data format  FREE


SUMMARY OF DATA

     Number of missing data patterns             1
     Number of y missing data patterns           0
     Number of u missing data patterns           1


COVARIANCE COVERAGE OF DATA

Minimum covariance coverage value   0.100


UNIVARIATE PROPORTIONS AND COUNTS FOR CATEGORICAL VARIABLES

    U1
      Category 1    0.522          261.000
      Category 2    0.478          239.000
    U2
      Category 1    0.538          269.000
      Category 2    0.462          231.000
    U3
      Category 1    0.508          254.000
      Category 2    0.492          246.000
    U4
      Category 1    0.536          268.000
      Category 2    0.464          232.000
    U5
      Category 1    0.526          263.000
      Category 2    0.474          237.000
    U6
      Category 1    0.542          271.000
      Category 2    0.458          229.000


RANDOM STARTS RESULTS RANKED FROM THE BEST TO THE WORST LOGLIKELIHOOD VALUES

Final stage loglikelihood values at local maxima, seeds, and initial stage start numbers:

           -2057.897  484406           421
           -2057.897  268896           124
           -2057.897  264081           186
           -2057.924  443442           380
           -2057.924  846194           93
           -2058.344  455617           242
           -2058.344  376411           473
           -2058.344  971693           470
           -2058.344  997222           229
           -2058.344  496881           192
           -2058.344  871722           355
           -2058.344  441191           361
           -2058.344  471040           403
           -2058.344  319575           499
           -2058.344  377504           294
           -2058.344  850545           357
           -2058.344  645664           39
           -2058.344  679832           302
           -2058.344  535804           111
           -2058.657  263221           447
           -2058.657  891531           206
           -2058.870  164305           128
           -2058.870  210870           383
           -2058.870  216565           474
           -2058.915  635245           121
           -2059.063  227563           63
           -2059.659  485483           498
           -2060.452  30098            209

72 perturbed starting value run(s) did not converge or were rejected in the third stage.



THE BEST LOGLIKELIHOOD VALUE HAS BEEN REPLICATED.  RERUN WITH AT LEAST TWICE THE
RANDOM STARTS TO CHECK THAT THE BEST LOGLIKELIHOOD IS STILL OBTAINED AND REPLICATED.

     IN THE OPTIMIZATION, ONE OR MORE LOGIT THRESHOLDS APPROACHED EXTREME VALUES
     OF -15.000 AND 15.000 AND WERE FIXED TO STABILIZE MODEL ESTIMATION.  THESE
     VALUES IMPLY PROBABILITIES OF 0 AND 1.  IN THE MODEL RESULTS SECTION, THESE
     PARAMETERS HAVE 0 STANDARD ERRORS AND 999 IN THE Z-SCORE AND P-VALUE COLUMNS.

     THE STANDARD ERRORS OF THE MODEL PARAMETER ESTIMATES MAY NOT BE
     TRUSTWORTHY FOR SOME PARAMETERS DUE TO A NON-POSITIVE DEFINITE
     FIRST-ORDER DERIVATIVE PRODUCT MATRIX.  THIS MAY BE DUE TO THE STARTING
     VALUES BUT MAY ALSO BE AN INDICATION OF MODEL NONIDENTIFICATION.  THE
     CONDITION NUMBER IS       0.598D-14.  PROBLEM INVOLVING THE FOLLOWING PARAMETER:
     Parameter 4, %C#1%: [ U4$1 ]




THE MODEL ESTIMATION TERMINATED NORMALLY



MODEL FIT INFORMATION

Number of Free Parameters                       27

Loglikelihood

          H0 Value                       -2057.897
          H0 Scaling Correction Factor      1.0141
            for MLR

Information Criteria

          Akaike (AIC)                    4169.795
          Bayesian (BIC)                  4283.589
          Sample-Size Adjusted BIC        4197.890
            (n* = (n + 2) / 24)

Chi-Square Test of Model Fit for the Binary and Ordered Categorical
(Ordinal) Outcomes

          Pearson Chi-Square

          Value                             30.501
          Degrees of Freedom                    36
          P-Value                           0.7273

          Likelihood Ratio Chi-Square

          Value                             29.823
          Degrees of Freedom                    36
          P-Value                           0.7563



FINAL CLASS COUNTS AND PROPORTIONS FOR THE LATENT CLASSES
BASED ON THE ESTIMATED MODEL

    Latent
   Classes

       1         49.59076          0.09918
       2        400.04772          0.80010
       3         16.24546          0.03249
       4         34.11606          0.06823


FINAL CLASS COUNTS AND PROPORTIONS FOR THE LATENT CLASSES
BASED ON ESTIMATED POSTERIOR PROBABILITIES

    Latent
   Classes

       1         49.59076          0.09918
       2        400.04772          0.80010
       3         16.24546          0.03249
       4         34.11606          0.06823


FINAL CLASS COUNTS AND PROPORTIONS FOR THE LATENT CLASSES
BASED ON THEIR MOST LIKELY LATENT CLASS MEMBERSHIP

Class Counts and Proportions

    Latent
   Classes

       1               48          0.09600
       2              378          0.75600
       3               21          0.04200
       4               53          0.10600


CLASSIFICATION QUALITY

     Entropy                         0.795


Average Latent Class Probabilities for Most Likely Latent Class Membership (Row)
by Latent Class (Column)

           1        2        3        4

    1   0.553    0.402    0.000    0.045
    2   0.052    0.934    0.009    0.005
    3   0.000    0.386    0.607    0.007
    4   0.063    0.370    0.000    0.567


Classification Probabilities for the Most Likely Latent Class Membership (Column)
by Latent Class (Row)

           1        2        3        4

    1   0.535    0.397    0.000    0.068
    2   0.048    0.882    0.020    0.049
    3   0.000    0.215    0.785    0.000
    4   0.063    0.052    0.004    0.881


Logits for the Classification Probabilities for the Most Likely Latent Class Membership (Column)
by Latent Class (Row)

              1        2        3        4

    1      2.067    1.769  -11.123    0.000
    2     -0.014    2.891   -0.883    0.000
    3      0.000   12.278   13.574    0.000
    4     -2.639   -2.824   -5.371    0.000


MODEL RESULTS

                                                    Two-Tailed
                    Estimate       S.E.  Est./S.E.    P-Value

Latent Class 1

 Thresholds
    U1$1              -0.094      0.535     -0.176      0.860
    U2$1              -0.182      0.506     -0.360      0.719
    U3$1               0.629      0.748      0.841      0.401
    U4$1             -14.926     43.369     -0.344      0.731
    U5$1               0.687      0.847      0.810      0.418
    U6$1             -15.000      0.000    999.000    999.000

Latent Class 2

 Thresholds
    U1$1               0.107      0.122      0.875      0.381
    U2$1               0.473      0.145      3.254      0.001
    U3$1              -0.052      0.125     -0.418      0.676
    U4$1               0.388      0.146      2.651      0.008
    U5$1               0.302      0.139      2.178      0.029
    U6$1               0.541      0.159      3.409      0.001

Latent Class 3

 Thresholds
    U1$1               0.069      0.976      0.070      0.944
    U2$1             -15.000      0.000    999.000    999.000
    U3$1              15.000      0.000    999.000    999.000
    U4$1              -1.296      1.891     -0.685      0.493
    U5$1             -15.000      0.000    999.000    999.000
    U6$1              15.000      0.000    999.000    999.000

Latent Class 4

 Thresholds
    U1$1               0.143      0.557      0.256      0.798
    U2$1             -15.000      0.000    999.000    999.000
    U3$1              -0.794      0.562     -1.413      0.158
    U4$1               1.185      1.187      0.998      0.318
    U5$1             -15.000      0.000    999.000    999.000
    U6$1              -2.818      4.546     -0.620      0.535

Categorical Latent Variables

 Means
    C#1                0.374      0.628      0.596      0.551
    C#2                2.462      0.421      5.848      0.000
    C#3               -0.742      0.646     -1.149      0.251


QUALITY OF NUMERICAL RESULTS

     Condition Number for the Information Matrix              0.598E-14
       (ratio of smallest to largest eigenvalue)


RESULTS IN PROBABILITY SCALE

                                                    Two-Tailed
                    Estimate       S.E.  Est./S.E.    P-Value

Latent Class 1

 U1
    Category 1         0.476      0.134      3.567      0.000
    Category 2         0.524      0.134      3.920      0.000
 U2
    Category 1         0.455      0.126      3.622      0.000
    Category 2         0.545      0.126      4.345      0.000
 U3
    Category 1         0.652      0.170      3.845      0.000
    Category 2         0.348      0.170      2.051      0.040
 U4
    Category 1         0.000      0.000      0.023      0.982
    Category 2         1.000      0.000  69985.383      0.000
 U5
    Category 1         0.665      0.189      3.525      0.000
    Category 2         0.335      0.189      1.774      0.076
 U6
    Category 1         0.000      0.000      0.000      1.000
    Category 2         1.000      0.000      0.000      1.000

Latent Class 2

 U1
    Category 1         0.527      0.030     17.307      0.000
    Category 2         0.473      0.030     15.553      0.000
 U2
    Category 1         0.616      0.034     17.923      0.000
    Category 2         0.384      0.034     11.170      0.000
 U3
    Category 1         0.487      0.031     15.576      0.000
    Category 2         0.513      0.031     16.413      0.000
 U4
    Category 1         0.596      0.035     16.894      0.000
    Category 2         0.404      0.035     11.457      0.000
 U5
    Category 1         0.575      0.034     16.965      0.000
    Category 2         0.425      0.034     12.541      0.000
 U6
    Category 1         0.632      0.037     17.128      0.000
    Category 2         0.368      0.037      9.973      0.000

Latent Class 3

 U1
    Category 1         0.517      0.244      2.121      0.034
    Category 2         0.483      0.244      1.980      0.048
 U2
    Category 1         0.000      0.000      0.000      1.000
    Category 2         1.000      0.000      0.000      1.000
 U3
    Category 1         1.000      0.000      0.000      1.000
    Category 2         0.000      0.000      0.000      1.000
 U4
    Category 1         0.215      0.319      0.673      0.501
    Category 2         0.785      0.319      2.461      0.014
 U5
    Category 1         0.000      0.000      0.000      1.000
    Category 2         1.000      0.000      0.000      1.000
 U6
    Category 1         1.000      0.000      0.000      1.000
    Category 2         0.000      0.000      0.000      1.000

Latent Class 4

 U1
    Category 1         0.536      0.138      3.869      0.000
    Category 2         0.464      0.138      3.355      0.001
 U2
    Category 1         0.000      0.000      0.000      1.000
    Category 2         1.000      0.000      0.000      1.000
 U3
    Category 1         0.311      0.121      2.583      0.010
    Category 2         0.689      0.121      5.715      0.000
 U4
    Category 1         0.766      0.213      3.597      0.000
    Category 2         0.234      0.213      1.100      0.271
 U5
    Category 1         0.000      0.000      0.000      1.000
    Category 2         1.000      0.000      0.000      1.000
 U6
    Category 1         0.056      0.242      0.233      0.816
    Category 2         0.944      0.242      3.903      0.000


LATENT CLASS INDICATOR ODDS RATIOS FOR THE LATENT CLASSES

                                                95% C.I.
                    Estimate       S.E.  Lower 2.5% Upper 2.5%

Latent Class 1 Compared to Latent Class 2

 U1
    Category > 1       1.223      0.723      0.384      3.894
 U2
    Category > 1       1.925      1.094      0.632      5.867
 U3
    Category > 1       0.506      0.406      0.105      2.443
 U4
    Category > 1   *********  *********      0.000  *********
 U5
    Category > 1       0.681      0.616      0.115      4.014
 U6
    Category > 1   *********      0.000  *********  *********

Latent Class 1 Compared to Latent Class 3

 U1
    Category > 1       1.177      1.222      0.154      9.007
 U2
    Category > 1       0.000      0.000      0.000      0.000
 U3
    Category > 1   *********      0.000  *********  *********
 U4
    Category > 1   *********  *********      0.000  *********
 U5
    Category > 1       0.000      0.000      0.000      0.000
 U6
    Category > 1   *********      0.000  *********  *********

Latent Class 1 Compared to Latent Class 4

 U1
    Category > 1       1.267      1.111      0.227      7.064
 U2
    Category > 1       0.000      0.000      0.000      0.000
 U3
    Category > 1       0.241      0.236      0.035      1.641
 U4
    Category > 1   *********  *********      0.000  *********
 U5
    Category > 1       0.000      0.000      0.000      0.000
 U6
    Category > 1   *********      0.000  *********  *********

Latent Class 2 Compared to Latent Class 3

 U1
    Category > 1       0.963      0.982      0.130      7.113
 U2
    Category > 1       0.000      0.000      0.000      0.000
 U3
    Category > 1   *********      0.000  *********  *********
 U4
    Category > 1       0.186      0.360      0.004      8.309
 U5
    Category > 1       0.000      0.000      0.000      0.000
 U6
    Category > 1   *********      0.000  *********  *********

Latent Class 2 Compared to Latent Class 4

 U1
    Category > 1       1.036      0.595      0.336      3.194
 U2
    Category > 1       0.000      0.000      0.000      0.000
 U3
    Category > 1       0.476      0.281      0.150      1.514
 U4
    Category > 1       2.218      2.601      0.223     22.092
 U5
    Category > 1       0.000      0.000      0.000      0.000
 U6
    Category > 1       0.035      0.159      0.000    263.881

Latent Class 3 Compared to Latent Class 4

 U1
    Category > 1       1.077      1.234      0.114     10.172
 U2
    Category > 1       1.000      0.000      1.000      1.000
 U3
    Category > 1       0.000      0.000      0.000      0.000
 U4
    Category > 1      11.952     28.574      0.110   1295.752
 U5
    Category > 1       1.000      0.000      1.000      1.000
 U6
    Category > 1       0.000      0.000      0.000      0.000


     Beginning Time:  17:07:02
        Ending Time:  17:07:05
       Elapsed Time:  00:00:03



MUTHEN & MUTHEN
3463 Stoner Ave.
Los Angeles, CA  90066

Tel: (310) 391-9971
Fax: (310) 391-8971
Web: www.StatModel.com
Support: Support@StatModel.com

Copyright (c) 1998-2024 Muthen & Muthen
