Mplus VERSION 8.11
MUTHEN & MUTHEN
01/21/2025   4:59 PM

INPUT INSTRUCTIONS

  TITLE:
  Simple, Realistic Separation
  MONTECARLO:
  NAMES = u1-u6;
      	GENERATE = u1-u6(1);
      	CATEGORICAL = u1-u6;
      	GENCLASSES = c(4);
      	CLASSES = c(4);
      	NOBSERVATIONS = 500;
      	SEED = 1495;
      	NREPS = 1;
        REPSAVE = all;
        SAVE= p1m1_N500_C4_even_simple_real_results*.csv;
  MODEL POPULATION:
  %OVERALL%

      [c#1*0];
      [c#2*0];
      [c#3*0];
    	
      %C#1%

      [u1$1*-2.1 u2$1*-2.120 u3$1*-2.737 u4$1*-4.172 u5$1*-1.591
       u6$1*-3.187];

      %C#2%

      [u1$1*-0.2 u2$1*-0.329 u3$1*-0.127 u4$1*-1.199 u5$1*1.591
       u6$1*1.710];

      %C#3%

      [u1$1*-1.5 u2$1*-0.738 u3$1*0.888 u4$1*0.964 u5$1*0.039
       u6$1*-15.000];

      %C#4%

      [u1$1*1 u2$1*1.547 u3$1*3.910 u4$1*2.382 u5$1*3.483
       u6$1*15.000];
  ANALYSIS:
  TYPE = MIXTURE;
       STARTS = 200 100;
  OUTPUT:
  tech9 tech11;



INPUT READING TERMINATED NORMALLY




Simple, Realistic Separation

SUMMARY OF ANALYSIS

Number of groups                                                 1
Number of observations                                         500

Number of replications
    Requested                                                    1
    Completed                                                    1
Value of seed                                                 1495

Number of dependent variables                                    6
Number of independent variables                                  0
Number of continuous latent variables                            0
Number of categorical latent variables                           1

Observed dependent variables

  Binary and ordered categorical (ordinal)
   U1          U2          U3          U4          U5          U6

Categorical latent variables
   C


Estimator                                                      MLR
Information matrix                                        OBSERVED
Optimization Specifications for the Quasi-Newton Algorithm for
Continuous Outcomes
  Maximum number of iterations                                 100
  Convergence criterion                                  0.100D-05
Optimization Specifications for the EM Algorithm
  Maximum number of iterations                                 500
  Convergence criteria
    Loglikelihood change                                 0.100D-06
    Relative loglikelihood change                        0.100D-06
    Derivative                                           0.100D-05
Optimization Specifications for the M step of the EM Algorithm for
Categorical Latent variables
  Number of M step iterations                                    1
  M step convergence criterion                           0.100D-05
  Basis for M step termination                           ITERATION
Optimization Specifications for the M step of the EM Algorithm for
Censored, Binary or Ordered Categorical (Ordinal), Unordered
Categorical (Nominal) and Count Outcomes
  Number of M step iterations                                    1
  M step convergence criterion                           0.100D-05
  Basis for M step termination                           ITERATION
  Maximum value for logit thresholds                            15
  Minimum value for logit thresholds                           -15
  Minimum expected cell size for chi-square              0.100D-01
Optimization algorithm                                         EMA
Random Starts Specifications
  Number of initial stage random starts                        200
  Number of final stage optimizations                          100
  Number of initial stage iterations                            10
  Initial stage convergence criterion                    0.100D+01
  Random starts scale                                    0.500D+01
  Random seed for generating random starts                       0
Link                                                         LOGIT





MODEL FIT INFORMATION

Number of Free Parameters                       27

Loglikelihood

    H0 Value

        Mean                             -1697.615
        Std Dev                              0.000
        Number of successful computations        1

             Proportions                   Percentiles
        Expected    Observed         Expected       Observed
           0.990       0.000        -1697.615      -1697.615
           0.980       0.000        -1697.615      -1697.615
           0.950       0.000        -1697.615      -1697.615
           0.900       0.000        -1697.615      -1697.615
           0.800       0.000        -1697.615      -1697.615
           0.700       0.000        -1697.615      -1697.615
           0.500       0.000        -1697.615      -1697.615
           0.300       0.000        -1697.615      -1697.615
           0.200       0.000        -1697.615      -1697.615
           0.100       0.000        -1697.615      -1697.615
           0.050       0.000        -1697.615      -1697.615
           0.020       0.000        -1697.615      -1697.615
           0.010       0.000        -1697.615      -1697.615

Information Criteria

    Akaike (AIC)

        Mean                              3449.230
        Std Dev                              0.000
        Number of successful computations        1

             Proportions                   Percentiles
        Expected    Observed         Expected       Observed
           0.990       0.000         3449.230       3449.230
           0.980       0.000         3449.230       3449.230
           0.950       0.000         3449.230       3449.230
           0.900       0.000         3449.230       3449.230
           0.800       0.000         3449.230       3449.230
           0.700       0.000         3449.230       3449.230
           0.500       0.000         3449.230       3449.230
           0.300       0.000         3449.230       3449.230
           0.200       0.000         3449.230       3449.230
           0.100       0.000         3449.230       3449.230
           0.050       0.000         3449.230       3449.230
           0.020       0.000         3449.230       3449.230
           0.010       0.000         3449.230       3449.230

    Bayesian (BIC)

        Mean                              3563.024
        Std Dev                              0.000
        Number of successful computations        1

             Proportions                   Percentiles
        Expected    Observed         Expected       Observed
           0.990       0.000         3563.024       3563.024
           0.980       0.000         3563.024       3563.024
           0.950       0.000         3563.024       3563.024
           0.900       0.000         3563.024       3563.024
           0.800       0.000         3563.024       3563.024
           0.700       0.000         3563.024       3563.024
           0.500       0.000         3563.024       3563.024
           0.300       0.000         3563.024       3563.024
           0.200       0.000         3563.024       3563.024
           0.100       0.000         3563.024       3563.024
           0.050       0.000         3563.024       3563.024
           0.020       0.000         3563.024       3563.024
           0.010       0.000         3563.024       3563.024

    Sample-Size Adjusted BIC (n* = (n + 2) / 24)

        Mean                              3477.324
        Std Dev                              0.000
        Number of successful computations        1

             Proportions                   Percentiles
        Expected    Observed         Expected       Observed
           0.990       0.000         3477.324       3477.324
           0.980       0.000         3477.324       3477.324
           0.950       0.000         3477.324       3477.324
           0.900       0.000         3477.324       3477.324
           0.800       0.000         3477.324       3477.324
           0.700       0.000         3477.324       3477.324
           0.500       0.000         3477.324       3477.324
           0.300       0.000         3477.324       3477.324
           0.200       0.000         3477.324       3477.324
           0.100       0.000         3477.324       3477.324
           0.050       0.000         3477.324       3477.324
           0.020       0.000         3477.324       3477.324
           0.010       0.000         3477.324       3477.324

Chi-Square Test of Model Fit for the Binary and Ordered Categorical
(Ordinal) Outcomes

    Pearson Chi-Square

        Mean                                41.737
        Std Dev                              0.000
        Degrees of freedom                      36
        Number of successful computations        1

             Proportions                   Percentiles
        Expected    Observed         Expected       Observed
           0.990       1.000           19.233         41.737
           0.980       1.000           20.783         41.737
           0.950       1.000           23.269         41.737
           0.900       1.000           25.643         41.737
           0.800       1.000           28.735         41.737
           0.700       1.000           31.115         41.737
           0.500       1.000           35.336         41.737
           0.300       1.000           39.922         41.737
           0.200       0.000           42.879         41.737
           0.100       0.000           47.212         41.737
           0.050       0.000           50.998         41.737
           0.020       0.000           55.489         41.737
           0.010       0.000           58.619         41.737

    Likelihood Ratio Chi-Square

        Mean                                45.046
        Std Dev                              0.000
        Degrees of freedom                      36
        Number of successful computations        1

             Proportions                   Percentiles
        Expected    Observed         Expected       Observed
           0.990       1.000           19.233         45.046
           0.980       1.000           20.783         45.046
           0.950       1.000           23.269         45.046
           0.900       1.000           25.643         45.046
           0.800       1.000           28.735         45.046
           0.700       1.000           31.115         45.046
           0.500       1.000           35.336         45.046
           0.300       1.000           39.922         45.046
           0.200       1.000           42.879         45.046
           0.100       0.000           47.212         45.046
           0.050       0.000           50.998         45.046
           0.020       0.000           55.489         45.046
           0.010       0.000           58.619         45.046



FINAL CLASS COUNTS AND PROPORTIONS FOR THE LATENT CLASSES
BASED ON THE ESTIMATED MODEL

    Latent
   Classes

       1        121.58734          0.24317
       2        137.10257          0.27421
       3        100.27953          0.20056
       4        141.03057          0.28206


FINAL CLASS COUNTS AND PROPORTIONS FOR THE LATENT CLASSES
BASED ON ESTIMATED POSTERIOR PROBABILITIES

    Latent
   Classes

       1        121.58734          0.24317
       2        137.10257          0.27421
       3        100.27953          0.20056
       4        141.03057          0.28206


FINAL CLASS COUNTS AND PROPORTIONS FOR THE LATENT CLASSES
BASED ON THEIR MOST LIKELY LATENT CLASS MEMBERSHIP

Class Counts and Proportions

    Latent
   Classes

       1              126          0.25200
       2              137          0.27400
       3              103          0.20600
       4              134          0.26800


CLASSIFICATION QUALITY

     Entropy                         0.836


Average Latent Class Probabilities for Most Likely Latent Class Membership (Row)
by Latent Class (Column)

           1        2        3        4

    1   0.888    0.000    0.000    0.112
    2   0.000    0.935    0.065    0.000
    3   0.028    0.085    0.887    0.000
    4   0.051    0.002    0.000    0.947


Classification Probabilities for the Most Likely Latent Class Membership (Column)
by Latent Class (Row)

           1        2        3        4

    1   0.920    0.000    0.024    0.056
    2   0.000    0.934    0.064    0.002
    3   0.000    0.089    0.911    0.000
    4   0.100    0.000    0.000    0.900


Logits for the Classification Probabilities for the Most Likely Latent Class Membership (Column)
by Latent Class (Row)

              1        2        3        4

    1      2.798   -8.861   -0.847    0.000
    2     -7.706    6.041    3.356    0.000
    3      0.000   11.398   13.722    0.000
    4     -2.194  -13.710  -13.710    0.000


MODEL RESULTS

                              ESTIMATES              S. E.     M. S. E.  95%  % Sig
                 Population   Average   Std. Dev.   Average             Cover Coeff

Latent Class 1

 Thresholds
  U1$1               -1.000    -2.1560     0.0000     0.3483     1.3363 0.000 1.000
  U2$1               -1.000    -1.8299     0.0000     0.3242     0.6888 0.000 1.000
  U3$1               -1.000    -4.3033     0.0000     8.0234    10.9116 1.000 0.000
  U4$1               -1.000    -3.0748     0.0000     1.5613     4.3047 1.000 1.000
  U5$1               -1.000    -1.7277     0.0000     0.3254     0.5295 0.000 1.000
  U6$1               -1.000    -3.7038     0.0000     1.9116     7.3107 1.000 0.000

Latent Class 2

 Thresholds
  U1$1                0.000     0.9115     0.0000     0.2125     0.8309 0.000 1.000
  U2$1                0.000     1.4507     0.0000     0.2842     2.1047 0.000 1.000
  U3$1                0.000     3.8726     0.0000     1.6361    14.9967 0.000 1.000
  U4$1                0.000     2.8775     0.0000     0.9476     8.2801 0.000 1.000
  U5$1                0.000     3.4926     0.0000     0.5771    12.1983 0.000 1.000
  U6$1                0.000     6.1069     0.0000    13.7475    37.2946 1.000 0.000

Latent Class 3

 Thresholds
  U1$1                0.000    -0.5766     0.0000     0.3081     0.3325 1.000 0.000
  U2$1                0.000    -0.6358     0.0000     0.3135     0.4042 0.000 1.000
  U3$1                0.000    -0.1290     0.0000     0.2807     0.0166 1.000 0.000
  U4$1                0.000    -1.4883     0.0000     0.5656     2.2151 0.000 1.000
  U5$1                0.000     1.9550     0.0000     0.5980     3.8222 0.000 1.000
  U6$1                0.000    15.0000     0.0000     0.0000   225.0000 0.000 1.000

Latent Class 4

 Thresholds
  U1$1                1.000    -1.0890     0.0000     0.2782     4.3639 0.000 1.000
  U2$1                1.000    -0.8440     0.0000     0.2524     3.4005 0.000 1.000
  U3$1                1.000     0.9310     0.0000     0.3875     0.0048 1.000 1.000
  U4$1                1.000     0.4873     0.0000     0.3633     0.2629 1.000 0.000
  U5$1                1.000    -0.1637     0.0000     0.2809     1.3543 0.000 0.000
  U6$1                1.000   -15.0000     0.0000     0.0000   256.0000 0.000 1.000

Categorical Latent Variables

 Means
  C#1                 0.000    -0.1483     0.0000     0.3865     0.0220 1.000 0.000
  C#2                 0.000    -0.0282     0.0000     0.1983     0.0008 1.000 0.000
  C#3                 0.000    -0.3410     0.0000     0.2385     0.1163 1.000 0.000


QUALITY OF NUMERICAL RESULTS

     Average Condition Number for the Information Matrix      0.473E-04
       (ratio of smallest to largest eigenvalue)


TECHNICAL 1 OUTPUT


     PARAMETER SPECIFICATION FOR LATENT CLASS 1


     PARAMETER SPECIFICATION FOR LATENT CLASS 2


     PARAMETER SPECIFICATION FOR LATENT CLASS 3


     PARAMETER SPECIFICATION FOR LATENT CLASS 4


     PARAMETER SPECIFICATION FOR LATENT CLASS INDICATOR MODEL PART


           TAU(U) FOR LATENT CLASS 1
              U1$1          U2$1          U3$1          U4$1          U5$1
              ________      ________      ________      ________      ________
                    1             2             3             4             5


           TAU(U) FOR LATENT CLASS 1
              U6$1
              ________
                    6


           TAU(U) FOR LATENT CLASS 2
              U1$1          U2$1          U3$1          U4$1          U5$1
              ________      ________      ________      ________      ________
                    7             8             9            10            11


           TAU(U) FOR LATENT CLASS 2
              U6$1
              ________
                   12


           TAU(U) FOR LATENT CLASS 3
              U1$1          U2$1          U3$1          U4$1          U5$1
              ________      ________      ________      ________      ________
                   13            14            15            16            17


           TAU(U) FOR LATENT CLASS 3
              U6$1
              ________
                   18


           TAU(U) FOR LATENT CLASS 4
              U1$1          U2$1          U3$1          U4$1          U5$1
              ________      ________      ________      ________      ________
                   19            20            21            22            23


           TAU(U) FOR LATENT CLASS 4
              U6$1
              ________
                   24


     PARAMETER SPECIFICATION FOR LATENT CLASS REGRESSION MODEL PART


           ALPHA(C)
              C#1           C#2           C#3           C#4
              ________      ________      ________      ________
                   25            26            27             0


     STARTING VALUES FOR LATENT CLASS 1


     STARTING VALUES FOR LATENT CLASS 2


     STARTING VALUES FOR LATENT CLASS 3


     STARTING VALUES FOR LATENT CLASS 4


     STARTING VALUES FOR LATENT CLASS INDICATOR MODEL PART


           TAU(U) FOR LATENT CLASS 1
              U1$1          U2$1          U3$1          U4$1          U5$1
              ________      ________      ________      ________      ________
               -1.000        -1.000        -1.000        -1.000        -1.000


           TAU(U) FOR LATENT CLASS 1
              U6$1
              ________
               -1.000


           TAU(U) FOR LATENT CLASS 2
              U1$1          U2$1          U3$1          U4$1          U5$1
              ________      ________      ________      ________      ________
                0.000         0.000         0.000         0.000         0.000


           TAU(U) FOR LATENT CLASS 2
              U6$1
              ________
                0.000


           TAU(U) FOR LATENT CLASS 3
              U1$1          U2$1          U3$1          U4$1          U5$1
              ________      ________      ________      ________      ________
                0.000         0.000         0.000         0.000         0.000


           TAU(U) FOR LATENT CLASS 3
              U6$1
              ________
                0.000


           TAU(U) FOR LATENT CLASS 4
              U1$1          U2$1          U3$1          U4$1          U5$1
              ________      ________      ________      ________      ________
                1.000         1.000         1.000         1.000         1.000


           TAU(U) FOR LATENT CLASS 4
              U6$1
              ________
                1.000


     STARTING VALUES FOR LATENT CLASS REGRESSION MODEL PART


           ALPHA(C)
              C#1           C#2           C#3           C#4
              ________      ________      ________      ________
                0.000         0.000         0.000         0.000


     POPULATION VALUES FOR LATENT CLASS 1


     POPULATION VALUES FOR LATENT CLASS 2


     POPULATION VALUES FOR LATENT CLASS 3


     POPULATION VALUES FOR LATENT CLASS 4


     POPULATION VALUES FOR LATENT CLASS INDICATOR MODEL PART


           TAU(U) FOR LATENT CLASS 1
              U1$1          U2$1          U3$1          U4$1          U5$1
              ________      ________      ________      ________      ________
               -2.100        -2.120        -2.737        -4.172        -1.591


           TAU(U) FOR LATENT CLASS 1
              U6$1
              ________
               -3.187


           TAU(U) FOR LATENT CLASS 2
              U1$1          U2$1          U3$1          U4$1          U5$1
              ________      ________      ________      ________      ________
               -0.200        -0.329        -0.127        -1.199         1.591


           TAU(U) FOR LATENT CLASS 2
              U6$1
              ________
                1.710


           TAU(U) FOR LATENT CLASS 3
              U1$1          U2$1          U3$1          U4$1          U5$1
              ________      ________      ________      ________      ________
               -1.500        -0.738         0.888         0.964         0.039


           TAU(U) FOR LATENT CLASS 3
              U6$1
              ________
              -15.000


           TAU(U) FOR LATENT CLASS 4
              U1$1          U2$1          U3$1          U4$1          U5$1
              ________      ________      ________      ________      ________
                1.000         1.547         3.910         2.382         3.483


           TAU(U) FOR LATENT CLASS 4
              U6$1
              ________
               15.000


     POPULATION VALUES FOR LATENT CLASS REGRESSION MODEL PART


           ALPHA(C)
              C#1           C#2           C#3           C#4
              ________      ________      ________      ________
                0.000         0.000         0.000         0.000


TECHNICAL 11 OUTPUT

     Random Starts Specifications for the k-1 Class Analysis Model
        Number of initial stage random starts                 200
        Number of final stage optimizations                   100

     RESULTS AVERAGED OVER REPLICATIONS

     VUONG-LO-MENDELL-RUBIN LIKELIHOOD RATIO TEST FOR 3 (H0) VERSUS 4 CLASSES

          H0 Loglikelihood Value                        -1728.589
          2 Times the Loglikelihood Difference             61.947
          Difference in the Number of Parameters                7
          Mean                                            -35.612
          Standard Deviation                               65.174
          P-Value                                          0.0001
          Number of successful computations                     1

     LO-MENDELL-RUBIN ADJUSTED LRT TEST

          Value                                            60.555
          P-Value                                          0.0002
          Number of successful computations                     1

     PROPORTION OF REPLICATIONS REJECTED AT THE 5% LEVEL

          Vuong-Lo-Mendell-Rubin Likelihood Ratio Test     1.0000
          Replications Attempted                                1
          Replications Completed                                1

          Lo-Mendell-Rubin Adjusted LRT Test               1.0000
          Replications Attempted                                1
          Replications Completed                                1


TECHNICAL 9 OUTPUT

  Error messages for each replication (if any)

REPLICATION 1:
RANDOM STARTS RESULTS RANKED FROM THE BEST TO THE WORST LOGLIKELIHOOD VALUES

REPLICATION 1:
Final stage loglikelihood values at local maxima, seeds, and initial stage start numbers:

           -1697.615  264081           186
           -1697.615  152496           123
           -1697.615  345070           114
           -1697.615  966014           37
           -1697.615  100874           108
           -1697.615  354208           196
           -1697.615  794236           127
           -1697.615  784664           75
           -1697.615  608496           4
           -1697.615  902278           21
           -1697.615  685657           69
           -1697.615  260601           36
           -1697.615  848890           95
           -1697.615  592219           119
           -1697.615  168762           200
           -1697.615  414284           158
           -1697.615  443917           60
           -1697.615  227563           63
           -1697.615  369602           146
           -1697.615  535804           111
           -1697.615  131856           90
           -1697.615  93468            3
           -1697.618  848163           47
           -1697.618  860772           174
           -1697.618  402224           91
           -1697.618  136842           58
           -1697.618  440841           118
           -1697.618  415502           194
           -1697.618  371246           101
           -1698.484  569833           85
           -1698.484  436460           89
           -1698.484  313407           132
           -1698.495  913639           162

67 perturbed starting value run(s) did not converge or were rejected in the third stage.


     REPLICATION 1:
     IN THE OPTIMIZATION, ONE OR MORE LOGIT THRESHOLDS APPROACHED EXTREME VALUES
     OF -15.000 AND 15.000 AND WERE FIXED TO STABILIZE MODEL ESTIMATION.  THESE
     VALUES IMPLY PROBABILITIES OF 0 AND 1.  IN THE MODEL RESULTS SECTION, THESE
     PARAMETERS HAVE 0 STANDARD ERRORS AND 999 IN THE Z-SCORE AND P-VALUE COLUMNS.



SAVEDATA INFORMATION

  Order of variables

    U1
    U2
    U3
    U4
    U5
    U6
    C

  Save file
    p1m1_N500_C4_even_simple_real_results*.csv

  Save file format           Free
  Save file record length    10000


     Beginning Time:  16:59:10
        Ending Time:  16:59:14
       Elapsed Time:  00:00:04



MUTHEN & MUTHEN
3463 Stoner Ave.
Los Angeles, CA  90066

Tel: (310) 391-9971
Fax: (310) 391-8971
Web: www.StatModel.com
Support: Support@StatModel.com

Copyright (c) 1998-2024 Muthen & Muthen
