Mplus VERSION 8.11
MUTHEN & MUTHEN
01/21/2025   5:06 PM

INPUT INSTRUCTIONS

  TITLE:
  Simple, Unstable Separation
  MONTECARLO:
  NAMES = u1-u6;
      	GENERATE = u1-u6(1);
      	CATEGORICAL = u1-u6;
      	GENCLASSES = c(4);
      	CLASSES = c(4);
      	NOBSERVATIONS = 500;
      	SEED = 1495;
      	NREPS = 1;
        REPSAVE = all;
        SAVE= p1m1_N500_C4_even_simple_unstable_results*.csv;
  MODEL POPULATION:
  %OVERALL%

      [c#1*0];
      [c#2*0];
      [c#3*0];

      %C#1%

      [u1$1*-0.5 u2$1*-0.3 u3$1*-0.2 u4$1*0.1 u5$1*0.3
       u6$1*0.2];

      %C#2%

      [u1$1*0.1 u2$1*-0.1 u3$1*0.2 u4$1*-0.2 u5$1*-0.1
       u6$1*0.0];

      %C#3%

      [u1$1*0.0 u2$1*0.1 u3$1*-0.1 u4$1*0.2 u5$1*-0.3
       u6$1*-0.2];

      %C#4%

      [u1$1*0.5 u2$1*0.6 u3$1*0.4 u4$1*0.7 u5$1*0.5
       u6$1*0.6];
  ANALYSIS:
  TYPE = MIXTURE;
       STARTS = 200 100;
  OUTPUT:
  tech9 tech11;



INPUT READING TERMINATED NORMALLY




Simple, Unstable Separation

SUMMARY OF ANALYSIS

Number of groups                                                 1
Number of observations                                         500

Number of replications
    Requested                                                    1
    Completed                                                    1
Value of seed                                                 1495

Number of dependent variables                                    6
Number of independent variables                                  0
Number of continuous latent variables                            0
Number of categorical latent variables                           1

Observed dependent variables

  Binary and ordered categorical (ordinal)
   U1          U2          U3          U4          U5          U6

Categorical latent variables
   C


Estimator                                                      MLR
Information matrix                                        OBSERVED
Optimization Specifications for the Quasi-Newton Algorithm for
Continuous Outcomes
  Maximum number of iterations                                 100
  Convergence criterion                                  0.100D-05
Optimization Specifications for the EM Algorithm
  Maximum number of iterations                                 500
  Convergence criteria
    Loglikelihood change                                 0.100D-06
    Relative loglikelihood change                        0.100D-06
    Derivative                                           0.100D-05
Optimization Specifications for the M step of the EM Algorithm for
Categorical Latent variables
  Number of M step iterations                                    1
  M step convergence criterion                           0.100D-05
  Basis for M step termination                           ITERATION
Optimization Specifications for the M step of the EM Algorithm for
Censored, Binary or Ordered Categorical (Ordinal), Unordered
Categorical (Nominal) and Count Outcomes
  Number of M step iterations                                    1
  M step convergence criterion                           0.100D-05
  Basis for M step termination                           ITERATION
  Maximum value for logit thresholds                            15
  Minimum value for logit thresholds                           -15
  Minimum expected cell size for chi-square              0.100D-01
Optimization algorithm                                         EMA
Random Starts Specifications
  Number of initial stage random starts                        200
  Number of final stage optimizations                          100
  Number of initial stage iterations                            10
  Initial stage convergence criterion                    0.100D+01
  Random starts scale                                    0.500D+01
  Random seed for generating random starts                       0
Link                                                         LOGIT





MODEL FIT INFORMATION

Number of Free Parameters                       27

Loglikelihood

    H0 Value

        Mean                             -2057.897
        Std Dev                              0.000
        Number of successful computations        1

             Proportions                   Percentiles
        Expected    Observed         Expected       Observed
           0.990       0.000        -2057.897      -2057.897
           0.980       0.000        -2057.897      -2057.897
           0.950       0.000        -2057.897      -2057.897
           0.900       0.000        -2057.897      -2057.897
           0.800       0.000        -2057.897      -2057.897
           0.700       0.000        -2057.897      -2057.897
           0.500       0.000        -2057.897      -2057.897
           0.300       0.000        -2057.897      -2057.897
           0.200       0.000        -2057.897      -2057.897
           0.100       0.000        -2057.897      -2057.897
           0.050       0.000        -2057.897      -2057.897
           0.020       0.000        -2057.897      -2057.897
           0.010       0.000        -2057.897      -2057.897

Information Criteria

    Akaike (AIC)

        Mean                              4169.795
        Std Dev                              0.000
        Number of successful computations        1

             Proportions                   Percentiles
        Expected    Observed         Expected       Observed
           0.990       0.000         4169.795       4169.795
           0.980       0.000         4169.795       4169.795
           0.950       0.000         4169.795       4169.795
           0.900       0.000         4169.795       4169.795
           0.800       0.000         4169.795       4169.795
           0.700       0.000         4169.795       4169.795
           0.500       0.000         4169.795       4169.795
           0.300       0.000         4169.795       4169.795
           0.200       0.000         4169.795       4169.795
           0.100       0.000         4169.795       4169.795
           0.050       0.000         4169.795       4169.795
           0.020       0.000         4169.795       4169.795
           0.010       0.000         4169.795       4169.795

    Bayesian (BIC)

        Mean                              4283.589
        Std Dev                              0.000
        Number of successful computations        1

             Proportions                   Percentiles
        Expected    Observed         Expected       Observed
           0.990       0.000         4283.589       4283.589
           0.980       0.000         4283.589       4283.589
           0.950       0.000         4283.589       4283.589
           0.900       0.000         4283.589       4283.589
           0.800       0.000         4283.589       4283.589
           0.700       0.000         4283.589       4283.589
           0.500       0.000         4283.589       4283.589
           0.300       0.000         4283.589       4283.589
           0.200       0.000         4283.589       4283.589
           0.100       0.000         4283.589       4283.589
           0.050       0.000         4283.589       4283.589
           0.020       0.000         4283.589       4283.589
           0.010       0.000         4283.589       4283.589

    Sample-Size Adjusted BIC (n* = (n + 2) / 24)

        Mean                              4197.890
        Std Dev                              0.000
        Number of successful computations        1

             Proportions                   Percentiles
        Expected    Observed         Expected       Observed
           0.990       0.000         4197.890       4197.890
           0.980       0.000         4197.890       4197.890
           0.950       0.000         4197.890       4197.890
           0.900       0.000         4197.890       4197.890
           0.800       0.000         4197.890       4197.890
           0.700       0.000         4197.890       4197.890
           0.500       0.000         4197.890       4197.890
           0.300       0.000         4197.890       4197.890
           0.200       0.000         4197.890       4197.890
           0.100       0.000         4197.890       4197.890
           0.050       0.000         4197.890       4197.890
           0.020       0.000         4197.890       4197.890
           0.010       0.000         4197.890       4197.890

Chi-Square Test of Model Fit for the Binary and Ordered Categorical
(Ordinal) Outcomes

    Pearson Chi-Square

        Mean                                30.501
        Std Dev                              0.000
        Degrees of freedom                      36
        Number of successful computations        1

             Proportions                   Percentiles
        Expected    Observed         Expected       Observed
           0.990       1.000           19.233         30.501
           0.980       1.000           20.783         30.501
           0.950       1.000           23.269         30.501
           0.900       1.000           25.643         30.501
           0.800       1.000           28.735         30.501
           0.700       0.000           31.115         30.501
           0.500       0.000           35.336         30.501
           0.300       0.000           39.922         30.501
           0.200       0.000           42.879         30.501
           0.100       0.000           47.212         30.501
           0.050       0.000           50.998         30.501
           0.020       0.000           55.489         30.501
           0.010       0.000           58.619         30.501

    Likelihood Ratio Chi-Square

        Mean                                29.823
        Std Dev                              0.000
        Degrees of freedom                      36
        Number of successful computations        1

             Proportions                   Percentiles
        Expected    Observed         Expected       Observed
           0.990       1.000           19.233         29.823
           0.980       1.000           20.783         29.823
           0.950       1.000           23.269         29.823
           0.900       1.000           25.643         29.823
           0.800       1.000           28.735         29.823
           0.700       0.000           31.115         29.823
           0.500       0.000           35.336         29.823
           0.300       0.000           39.922         29.823
           0.200       0.000           42.879         29.823
           0.100       0.000           47.212         29.823
           0.050       0.000           50.998         29.823
           0.020       0.000           55.489         29.823
           0.010       0.000           58.619         29.823



FINAL CLASS COUNTS AND PROPORTIONS FOR THE LATENT CLASSES
BASED ON THE ESTIMATED MODEL

    Latent
   Classes

       1         34.11581          0.06823
       2         16.24570          0.03249
       3         49.59110          0.09918
       4        400.04740          0.80009


FINAL CLASS COUNTS AND PROPORTIONS FOR THE LATENT CLASSES
BASED ON ESTIMATED POSTERIOR PROBABILITIES

    Latent
   Classes

       1         34.11581          0.06823
       2         16.24570          0.03249
       3         49.59110          0.09918
       4        400.04740          0.80009


FINAL CLASS COUNTS AND PROPORTIONS FOR THE LATENT CLASSES
BASED ON THEIR MOST LIKELY LATENT CLASS MEMBERSHIP

Class Counts and Proportions

    Latent
   Classes

       1               53          0.10600
       2               21          0.04200
       3               48          0.09600
       4              378          0.75600


CLASSIFICATION QUALITY

     Entropy                         0.795


Average Latent Class Probabilities for Most Likely Latent Class Membership (Row)
by Latent Class (Column)

           1        2        3        4

    1   0.567    0.000    0.063    0.370
    2   0.007    0.607    0.000    0.386
    3   0.045    0.000    0.553    0.402
    4   0.005    0.009    0.052    0.934


Classification Probabilities for the Most Likely Latent Class Membership (Column)
by Latent Class (Row)

           1        2        3        4

    1   0.881    0.004    0.063    0.052
    2   0.000    0.785    0.000    0.215
    3   0.068    0.000    0.535    0.397
    4   0.049    0.020    0.048    0.882


Logits for the Classification Probabilities for the Most Likely Latent Class Membership (Column)
by Latent Class (Row)

              1        2        3        4

    1      2.825   -2.547    0.186    0.000
    2    -12.278    1.296  -12.278    0.000
    3     -1.769  -12.892    0.298    0.000
    4     -2.891   -3.774   -2.906    0.000


MODEL RESULTS

                              ESTIMATES              S. E.     M. S. E.  95%  % Sig
                 Population   Average   Std. Dev.   Average             Cover Coeff

Latent Class 1

 Thresholds
  U1$1               -1.000     0.1425     0.0000     0.5565     1.3053 0.000 0.000
  U2$1               -1.000   -15.0000     0.0000     0.0000   196.0000 0.000 1.000
  U3$1               -1.000    -0.7941     0.0000     0.5622     0.0424 1.000 0.000
  U4$1               -1.000     1.1848     0.0000     1.1869     4.7733 1.000 0.000
  U5$1               -1.000   -15.0000     0.0000     0.0000   196.0000 0.000 1.000
  U6$1               -1.000    -2.8182     0.0000     4.5476     3.3058 1.000 0.000

Latent Class 2

 Thresholds
  U1$1                0.000     0.0688     0.0000     0.9763     0.0047 1.000 0.000
  U2$1                0.000   -15.0000     0.0000     0.0000   225.0000 0.000 1.000
  U3$1                0.000    15.0000     0.0000     0.0000   225.0000 0.000 1.000
  U4$1                0.000    -1.2960     0.0000     1.8910     1.6796 1.000 0.000
  U5$1                0.000   -15.0000     0.0000     0.0000   225.0000 0.000 1.000
  U6$1                0.000    15.0000     0.0000     0.0000   225.0000 0.000 1.000

Latent Class 3

 Thresholds
  U1$1                0.000    -0.0944     0.0000     0.5354     0.0089 1.000 0.000
  U2$1                0.000    -0.1820     0.0000     0.5062     0.0331 1.000 0.000
  U3$1                0.000     0.6286     0.0000     0.7477     0.3952 1.000 0.000
  U4$1                0.000   -13.4959     0.0000    43.4811   182.1404 1.000 0.000
  U5$1                0.000     0.6867     0.0000     0.8474     0.4716 1.000 0.000
  U6$1                0.000   -15.0000     0.0000     0.0000   225.0000 0.000 1.000

Latent Class 4

 Thresholds
  U1$1                1.000     0.1069     0.0000     0.1221     0.7977 0.000 0.000
  U2$1                1.000     0.4729     0.0000     0.1453     0.2779 0.000 1.000
  U3$1                1.000    -0.0523     0.0000     0.1251     1.1074 0.000 0.000
  U4$1                1.000     0.3884     0.0000     0.1465     0.3741 0.000 1.000
  U5$1                1.000     0.3021     0.0000     0.1387     0.4871 0.000 1.000
  U6$1                1.000     0.5408     0.0000     0.1586     0.2108 0.000 1.000

Categorical Latent Variables

 Means
  C#1                 0.000    -2.4618     0.0000     0.4210     6.0606 0.000 1.000
  C#2                 0.000    -3.2038     0.0000     0.5117    10.2640 0.000 1.000
  C#3                 0.000    -2.0878     0.0000     0.4562     4.3588 0.000 1.000


QUALITY OF NUMERICAL RESULTS

     Average Condition Number for the Information Matrix      0.101E-12
       (ratio of smallest to largest eigenvalue)


TECHNICAL 1 OUTPUT


     PARAMETER SPECIFICATION FOR LATENT CLASS 1


     PARAMETER SPECIFICATION FOR LATENT CLASS 2


     PARAMETER SPECIFICATION FOR LATENT CLASS 3


     PARAMETER SPECIFICATION FOR LATENT CLASS 4


     PARAMETER SPECIFICATION FOR LATENT CLASS INDICATOR MODEL PART


           TAU(U) FOR LATENT CLASS 1
              U1$1          U2$1          U3$1          U4$1          U5$1
              ________      ________      ________      ________      ________
                    1             2             3             4             5


           TAU(U) FOR LATENT CLASS 1
              U6$1
              ________
                    6


           TAU(U) FOR LATENT CLASS 2
              U1$1          U2$1          U3$1          U4$1          U5$1
              ________      ________      ________      ________      ________
                    7             8             9            10            11


           TAU(U) FOR LATENT CLASS 2
              U6$1
              ________
                   12


           TAU(U) FOR LATENT CLASS 3
              U1$1          U2$1          U3$1          U4$1          U5$1
              ________      ________      ________      ________      ________
                   13            14            15            16            17


           TAU(U) FOR LATENT CLASS 3
              U6$1
              ________
                   18


           TAU(U) FOR LATENT CLASS 4
              U1$1          U2$1          U3$1          U4$1          U5$1
              ________      ________      ________      ________      ________
                   19            20            21            22            23


           TAU(U) FOR LATENT CLASS 4
              U6$1
              ________
                   24


     PARAMETER SPECIFICATION FOR LATENT CLASS REGRESSION MODEL PART


           ALPHA(C)
              C#1           C#2           C#3           C#4
              ________      ________      ________      ________
                   25            26            27             0


     STARTING VALUES FOR LATENT CLASS 1


     STARTING VALUES FOR LATENT CLASS 2


     STARTING VALUES FOR LATENT CLASS 3


     STARTING VALUES FOR LATENT CLASS 4


     STARTING VALUES FOR LATENT CLASS INDICATOR MODEL PART


           TAU(U) FOR LATENT CLASS 1
              U1$1          U2$1          U3$1          U4$1          U5$1
              ________      ________      ________      ________      ________
               -1.000        -1.000        -1.000        -1.000        -1.000


           TAU(U) FOR LATENT CLASS 1
              U6$1
              ________
               -1.000


           TAU(U) FOR LATENT CLASS 2
              U1$1          U2$1          U3$1          U4$1          U5$1
              ________      ________      ________      ________      ________
                0.000         0.000         0.000         0.000         0.000


           TAU(U) FOR LATENT CLASS 2
              U6$1
              ________
                0.000


           TAU(U) FOR LATENT CLASS 3
              U1$1          U2$1          U3$1          U4$1          U5$1
              ________      ________      ________      ________      ________
                0.000         0.000         0.000         0.000         0.000


           TAU(U) FOR LATENT CLASS 3
              U6$1
              ________
                0.000


           TAU(U) FOR LATENT CLASS 4
              U1$1          U2$1          U3$1          U4$1          U5$1
              ________      ________      ________      ________      ________
                1.000         1.000         1.000         1.000         1.000


           TAU(U) FOR LATENT CLASS 4
              U6$1
              ________
                1.000


     STARTING VALUES FOR LATENT CLASS REGRESSION MODEL PART


           ALPHA(C)
              C#1           C#2           C#3           C#4
              ________      ________      ________      ________
                0.000         0.000         0.000         0.000


     POPULATION VALUES FOR LATENT CLASS 1


     POPULATION VALUES FOR LATENT CLASS 2


     POPULATION VALUES FOR LATENT CLASS 3


     POPULATION VALUES FOR LATENT CLASS 4


     POPULATION VALUES FOR LATENT CLASS INDICATOR MODEL PART


           TAU(U) FOR LATENT CLASS 1
              U1$1          U2$1          U3$1          U4$1          U5$1
              ________      ________      ________      ________      ________
               -0.500        -0.300        -0.200         0.100         0.300


           TAU(U) FOR LATENT CLASS 1
              U6$1
              ________
                0.200


           TAU(U) FOR LATENT CLASS 2
              U1$1          U2$1          U3$1          U4$1          U5$1
              ________      ________      ________      ________      ________
                0.100        -0.100         0.200        -0.200        -0.100


           TAU(U) FOR LATENT CLASS 2
              U6$1
              ________
                0.000


           TAU(U) FOR LATENT CLASS 3
              U1$1          U2$1          U3$1          U4$1          U5$1
              ________      ________      ________      ________      ________
                0.000         0.100        -0.100         0.200        -0.300


           TAU(U) FOR LATENT CLASS 3
              U6$1
              ________
               -0.200


           TAU(U) FOR LATENT CLASS 4
              U1$1          U2$1          U3$1          U4$1          U5$1
              ________      ________      ________      ________      ________
                0.500         0.600         0.400         0.700         0.500


           TAU(U) FOR LATENT CLASS 4
              U6$1
              ________
                0.600


     POPULATION VALUES FOR LATENT CLASS REGRESSION MODEL PART


           ALPHA(C)
              C#1           C#2           C#3           C#4
              ________      ________      ________      ________
                0.000         0.000         0.000         0.000


TECHNICAL 11 OUTPUT

     Random Starts Specifications for the k-1 Class Analysis Model
        Number of initial stage random starts                 200
        Number of final stage optimizations                   100

     RESULTS AVERAGED OVER REPLICATIONS

     VUONG-LO-MENDELL-RUBIN LIKELIHOOD RATIO TEST FOR 3 (H0) VERSUS 4 CLASSES

          H0 Loglikelihood Value                        -2062.683
          2 Times the Loglikelihood Difference              9.571
          Difference in the Number of Parameters                7
          Mean                                              4.563
          Standard Deviation                                9.901
          P-Value                                          0.2388
          Number of successful computations                     1

     LO-MENDELL-RUBIN ADJUSTED LRT TEST

          Value                                             9.356
          P-Value                                          0.2452
          Number of successful computations                     1

     PROPORTION OF REPLICATIONS REJECTED AT THE 5% LEVEL

          Vuong-Lo-Mendell-Rubin Likelihood Ratio Test     0.0000
          Replications Attempted                                1
          Replications Completed                                1

          Lo-Mendell-Rubin Adjusted LRT Test               0.0000
          Replications Attempted                                1
          Replications Completed                                1


TECHNICAL 9 OUTPUT

  Error messages for each replication (if any)

REPLICATION 1:
RANDOM STARTS RESULTS RANKED FROM THE BEST TO THE WORST LOGLIKELIHOOD VALUES

REPLICATION 1:
Final stage loglikelihood values at local maxima, seeds, and initial stage start numbers:

           -2057.897  268896           124
           -2057.897  264081           186
           -2057.924  846194           93
           -2058.344  93468            3
           -2058.344  783110           72
           -2058.344  246261           38
           -2058.344  496881           192
           -2058.344  202790           198
           -2058.344  608496           4
           -2058.344  645664           39
           -2058.344  247224           94
           -2058.344  535804           111
           -2058.657  635245           121
           -2058.657  76974            16
           -2058.657  285380           1
           -2058.657  573096           20
           -2058.657  544048           87
           -2058.657  609185           181
           -2058.870  152496           123
           -2058.870  124999           96
           -2058.870  164305           128
           -2058.915  579995           183
           -2058.915  526324           178
           -2058.915  931874           141
           -2059.063  695155           150
           -2059.128  227563           63

74 perturbed starting value run(s) did not converge or were rejected in the third stage.


     REPLICATION 1:
     IN THE OPTIMIZATION, ONE OR MORE LOGIT THRESHOLDS APPROACHED EXTREME VALUES
     OF -15.000 AND 15.000 AND WERE FIXED TO STABILIZE MODEL ESTIMATION.  THESE
     VALUES IMPLY PROBABILITIES OF 0 AND 1.  IN THE MODEL RESULTS SECTION, THESE
     PARAMETERS HAVE 0 STANDARD ERRORS AND 999 IN THE Z-SCORE AND P-VALUE COLUMNS.

     REPLICATION 1:
     THE STANDARD ERRORS OF THE MODEL PARAMETER ESTIMATES MAY NOT BE
     TRUSTWORTHY FOR SOME PARAMETERS DUE TO A NON-POSITIVE DEFINITE
     FIRST-ORDER DERIVATIVE PRODUCT MATRIX.  THIS MAY BE DUE TO THE STARTING
     VALUES BUT MAY ALSO BE AN INDICATION OF MODEL NONIDENTIFICATION.  THE
     CONDITION NUMBER IS       0.101D-12.  PROBLEM INVOLVING THE FOLLOWING PARAMETER:
     Parameter 16, %C#3%: [ U4$1 ]



SAVEDATA INFORMATION

  Order of variables

    U1
    U2
    U3
    U4
    U5
    U6
    C

  Save file
    p1m1_N500_C4_even_simple_unstable_results*.csv

  Save file format           Free
  Save file record length    10000


     Beginning Time:  17:06:56
        Ending Time:  17:07:00
       Elapsed Time:  00:00:04



MUTHEN & MUTHEN
3463 Stoner Ave.
Los Angeles, CA  90066

Tel: (310) 391-9971
Fax: (310) 391-8971
Web: www.StatModel.com
Support: Support@StatModel.com

Copyright (c) 1998-2024 Muthen & Muthen
